==4983== Memcheck, a memory error detector
==4983== Copyright (C) 2002-2017, and GNU GPL'd, by Julian Seward et al.
==4983== Using Valgrind-3.13.0 and LibVEX; rerun with -h for copyright info
==4983== Command: /rhome/l/lbuturovic1/workspace/OR/T4/Z4/.runme
==4983== Parent PID: 4973
==4983== 
==4983== 
==4983== Process terminating with default action of signal 15 (SIGTERM)
==4983==    at 0x514E081: read (read.c:27)
==4983==    by 0x50CB147: _IO_file_underflow@@GLIBC_2.2.5 (fileops.c:531)
==4983==    by 0x50CC3F1: _IO_default_uflow (genops.c:380)
==4983==    by 0x50A9BE9: _IO_vfscanf (vfscanf.c:630)
==4983==    by 0x50B9FD7: __isoc99_scanf (isoc99_scanf.c:37)
==4983==    by 0x108760: main (main.c:6)
==4983== 
==4983== HEAP SUMMARY:
==4983==     in use at exit: 0 bytes in 0 blocks
==4983==   total heap usage: 1 allocs, 1 frees, 1,024 bytes allocated
==4983== 
==4983== All heap blocks were freed -- no leaks are possible
==4983== 
==4983== For counts of detected and suppressed errors, rerun with: -v
==4983== ERROR SUMMARY: 0 errors from 0 contexts (suppressed: 0 from 0)
