==23613== Memcheck, a memory error detector
==23613== Copyright (C) 2002-2017, and GNU GPL'd, by Julian Seward et al.
==23613== Using Valgrind-3.13.0 and LibVEX; rerun with -h for copyright info
==23613== Command: /rhome/l/lbuturovic1/workspace/OR/ZSR10/Z3/.runme
==23613== Parent PID: 23599
==23613== 
==23613== 
==23613== Process terminating with default action of signal 1 (SIGHUP)
==23613==    at 0x514E07F: read (read.c:27)
==23613==    by 0x50CB147: _IO_file_underflow@@GLIBC_2.2.5 (fileops.c:531)
==23613==    by 0x50CC3F1: _IO_default_uflow (genops.c:380)
==23613==    by 0x108743: unesi (main.c:10)
==23613==    by 0x108883: main (main.c:112)
==23613== 
==23613== HEAP SUMMARY:
==23613==     in use at exit: 0 bytes in 0 blocks
==23613==   total heap usage: 1 allocs, 1 frees, 1,024 bytes allocated
==23613== 
==23613== All heap blocks were freed -- no leaks are possible
==23613== 
==23613== For counts of detected and suppressed errors, rerun with: -v
==23613== ERROR SUMMARY: 0 errors from 0 contexts (suppressed: 0 from 0)
