==30061== Memcheck, a memory error detector
==30061== Copyright (C) 2002-2017, and GNU GPL'd, by Julian Seward et al.
==30061== Using Valgrind-3.13.0 and LibVEX; rerun with -h for copyright info
==30061== Command: /rhome/l/lbuturovic1/workspace/OR/T11/Z2/.runme
==30061== Parent PID: 30041
==30061== 
==30061== 
==30061== Process terminating with default action of signal 1 (SIGHUP)
==30061==    at 0x54EC152: write (write.c:27)
==30061==    by 0x54671BC: _IO_file_write@@GLIBC_2.2.5 (fileops.c:1203)
==30061==    by 0x5467B2E: new_do_write (fileops.c:457)
==30061==    by 0x5467B2E: _IO_file_xsputn@@GLIBC_2.2.5 (fileops.c:1277)
==30061==    by 0x545CA8E: puts (ioputs.c:40)
==30061==    by 0x10889F: unos_kruznice (main.c:25)
==30061==    by 0x108A01: main (main.c:51)
==30061== 
==30061== HEAP SUMMARY:
==30061==     in use at exit: 0 bytes in 0 blocks
==30061==   total heap usage: 1 allocs, 1 frees, 1,024 bytes allocated
==30061== 
==30061== All heap blocks were freed -- no leaks are possible
==30061== 
==30061== For counts of detected and suppressed errors, rerun with: -v
==30061== ERROR SUMMARY: 0 errors from 0 contexts (suppressed: 0 from 0)
