==19896== Memcheck, a memory error detector
==19896== Copyright (C) 2002-2017, and GNU GPL'd, by Julian Seward et al.
==19896== Using Valgrind-3.13.0 and LibVEX; rerun with -h for copyright info
==19896== Command: /rhome/l/lbuturovic1/workspace/OR/T7/Z2/.runme
==19896== Parent PID: 19865
==19896== 
==19896== 
==19896== Process terminating with default action of signal 1 (SIGHUP)
==19896==    at 0x514E152: write (write.c:27)
==19896==    by 0x50C91BC: _IO_file_write@@GLIBC_2.2.5 (fileops.c:1203)
==19896==    by 0x50C9B2E: new_do_write (fileops.c:457)
==19896==    by 0x50C9B2E: _IO_file_xsputn@@GLIBC_2.2.5 (fileops.c:1277)
==19896==    by 0x509C706: buffered_vfprintf (vfprintf.c:2350)
==19896==    by 0x5099725: vfprintf (vfprintf.c:1301)
==19896==    by 0x50A2F25: printf (printf.c:33)
==19896==    by 0x1087A5: main (main.c:18)
==19896== 
==19896== HEAP SUMMARY:
==19896==     in use at exit: 0 bytes in 0 blocks
==19896==   total heap usage: 1 allocs, 1 frees, 1,024 bytes allocated
==19896== 
==19896== All heap blocks were freed -- no leaks are possible
==19896== 
==19896== For counts of detected and suppressed errors, rerun with: -v
==19896== ERROR SUMMARY: 0 errors from 0 contexts (suppressed: 0 from 0)
