==18212== Memcheck, a memory error detector
==18212== Copyright (C) 2002-2017, and GNU GPL'd, by Julian Seward et al.
==18212== Using Valgrind-3.13.0 and LibVEX; rerun with -h for copyright info
==18212== Command: /rhome/l/lbuturovic1/workspace/OR/Z1/Z3/.runme
==18212== Parent PID: 18199
==18212== 
==18212== 
==18212== Process terminating with default action of signal 1 (SIGHUP)
==18212==    at 0x514E081: read (read.c:27)
==18212==    by 0x50CB147: _IO_file_underflow@@GLIBC_2.2.5 (fileops.c:531)
==18212==    by 0x50CC3F1: _IO_default_uflow (genops.c:380)
==18212==    by 0x50A9BE9: _IO_vfscanf (vfscanf.c:630)
==18212==    by 0x50B9FD7: __isoc99_scanf (isoc99_scanf.c:37)
==18212==    by 0x108CE6: main (main.c:48)
==18212== 
==18212== HEAP SUMMARY:
==18212==     in use at exit: 0 bytes in 0 blocks
==18212==   total heap usage: 1 allocs, 1 frees, 1,024 bytes allocated
==18212== 
==18212== All heap blocks were freed -- no leaks are possible
==18212== 
==18212== For counts of detected and suppressed errors, rerun with: -v
==18212== ERROR SUMMARY: 0 errors from 0 contexts (suppressed: 0 from 0)
