==29495== Memcheck, a memory error detector
==29495== Copyright (C) 2002-2017, and GNU GPL'd, by Julian Seward et al.
==29495== Using Valgrind-3.13.0 and LibVEX; rerun with -h for copyright info
==29495== Command: /rhome/l/lbuturovic1/workspace/OR/T1/Z2/.runme
==29495== Parent PID: 29491
==29495== 
==29495== 
==29495== Process terminating with default action of signal 1 (SIGHUP)
==29495==    at 0x514E081: read (read.c:27)
==29495==    by 0x50CB147: _IO_file_underflow@@GLIBC_2.2.5 (fileops.c:531)
==29495==    by 0x50CC3F1: _IO_default_uflow (genops.c:380)
==29495==    by 0x50A9BE9: _IO_vfscanf (vfscanf.c:630)
==29495==    by 0x50B9FD7: __isoc99_scanf (isoc99_scanf.c:37)
==29495==    by 0x10876A: main (main.c:11)
==29495== 
==29495== HEAP SUMMARY:
==29495==     in use at exit: 0 bytes in 0 blocks
==29495==   total heap usage: 1 allocs, 1 frees, 1,024 bytes allocated
==29495== 
==29495== All heap blocks were freed -- no leaks are possible
==29495== 
==29495== For counts of detected and suppressed errors, rerun with: -v
==29495== ERROR SUMMARY: 0 errors from 0 contexts (suppressed: 0 from 0)
