[New LWP 5993]
Core was generated by `'.
Program terminated with signal SIGSEGV, Segmentation fault.
#0  0x0000000000108942 in ?? ()
#0  0x0000000000108942 in ?? ()
#1  0x0000000a00000000 in ?? ()
#2  0x0000001fff0008b0 in ?? ()
#3  0x00000005001086a0 in ?? ()
#4  0x0000000500000005 in ?? ()
#5  0x0000001fff0008b0 in ?? ()
#6  0x0000001fff0008b5 in ?? ()
#7  0x000000000000000a in ?? ()
#8  0x0000001fff0008b0 in ?? ()
#9  0x0000003000000008 in ?? ()
#10 0x0000001fff0008a0 in ?? ()
#11 0x0000001fff0007e0 in ?? ()
#12 0x893342df5e2adc00 in ?? ()
#13 0x0000000005429a00 in ?? ()
#14 0x0000001fff0008ac in ?? ()
#15 0x0000000000000005 in ?? ()
#16 0x000000000514e081 in ?? ()
#17 0x000000000542b8c0 in ?? ()
#18 0x0000000004031740 in ?? ()
#19 0x0000000000000d68 in ?? ()
#20 0x00000000050cb148 in ?? ()
#21 0x0000000005429a00 in ?? ()
#22 0x00000000054262a0 in ?? ()
#23 0x00000000001086a0 in ?? ()
#24 0x0000001fff000a00 in ?? ()
#25 0x0000000000000000 in ?? ()
