==15761== Memcheck, a memory error detector
==15761== Copyright (C) 2002-2017, and GNU GPL'd, by Julian Seward et al.
==15761== Using Valgrind-3.13.0 and LibVEX; rerun with -h for copyright info
==15761== Command: /rhome/l/lbuturovic1/workspace/OR/ZSR10/Z2/.runme
==15761== Parent PID: 15746
==15761== 
==15761== 
==15761== Process terminating with default action of signal 1 (SIGHUP)
==15761==    at 0x514E07F: read (read.c:27)
==15761==    by 0x50CB147: _IO_file_underflow@@GLIBC_2.2.5 (fileops.c:531)
==15761==    by 0x50CC3F1: _IO_default_uflow (genops.c:380)
==15761==    by 0x108743: unesi (main.c:11)
==15761==    by 0x10889F: main (main.c:53)
==15761== 
==15761== HEAP SUMMARY:
==15761==     in use at exit: 0 bytes in 0 blocks
==15761==   total heap usage: 1 allocs, 1 frees, 1,024 bytes allocated
==15761== 
==15761== All heap blocks were freed -- no leaks are possible
==15761== 
==15761== For counts of detected and suppressed errors, rerun with: -v
==15761== ERROR SUMMARY: 0 errors from 0 contexts (suppressed: 0 from 0)
