==30371== Memcheck, a memory error detector
==30371== Copyright (C) 2002-2017, and GNU GPL'd, by Julian Seward et al.
==30371== Using Valgrind-3.13.0 and LibVEX; rerun with -h for copyright info
==30371== Command: /rhome/l/lbuturovic1/workspace/OR/ZSR10/Z15/.runme
==30371== Parent PID: 30355
==30371== 
==30371== 
==30371== Process terminating with default action of signal 1 (SIGHUP)
==30371==    at 0x514E081: read (read.c:27)
==30371==    by 0x50CB147: _IO_file_underflow@@GLIBC_2.2.5 (fileops.c:531)
==30371==    by 0x50CC3F1: _IO_default_uflow (genops.c:380)
==30371==    by 0x10879D: unesi (main.c:6)
==30371==    by 0x108DDA: main (main.c:155)
==30371== 
==30371== HEAP SUMMARY:
==30371==     in use at exit: 0 bytes in 0 blocks
==30371==   total heap usage: 1 allocs, 1 frees, 1,024 bytes allocated
==30371== 
==30371== All heap blocks were freed -- no leaks are possible
==30371== 
==30371== For counts of detected and suppressed errors, rerun with: -v
==30371== ERROR SUMMARY: 0 errors from 0 contexts (suppressed: 0 from 0)
