==7565== Memcheck, a memory error detector
==7565== Copyright (C) 2002-2017, and GNU GPL'd, by Julian Seward et al.
==7565== Using Valgrind-3.13.0 and LibVEX; rerun with -h for copyright info
==7565== Command: /rhome/l/lbuturovic1/workspace/OR/T5/Z5/.runme
==7565== Parent PID: 7552
==7565== 
==7565== 
==7565== Process terminating with default action of signal 1 (SIGHUP)
==7565==    at 0x514E081: read (read.c:27)
==7565==    by 0x50CB147: _IO_file_underflow@@GLIBC_2.2.5 (fileops.c:531)
==7565==    by 0x50CC3F1: _IO_default_uflow (genops.c:380)
==7565==    by 0x50A9BE9: _IO_vfscanf (vfscanf.c:630)
==7565==    by 0x50B9FD7: __isoc99_scanf (isoc99_scanf.c:37)
==7565==    by 0x1087CF: main (main.c:8)
==7565== 
==7565== HEAP SUMMARY:
==7565==     in use at exit: 0 bytes in 0 blocks
==7565==   total heap usage: 1 allocs, 1 frees, 1,024 bytes allocated
==7565== 
==7565== All heap blocks were freed -- no leaks are possible
==7565== 
==7565== For counts of detected and suppressed errors, rerun with: -v
==7565== ERROR SUMMARY: 0 errors from 0 contexts (suppressed: 0 from 0)
