==8672== Memcheck, a memory error detector
==8672== Copyright (C) 2002-2017, and GNU GPL'd, by Julian Seward et al.
==8672== Using Valgrind-3.13.0 and LibVEX; rerun with -h for copyright info
==8672== Command: /rhome/l/lbuturovic1/workspace/OR/Z2/Z2/.runme
==8672== Parent PID: 8667
==8672== 
==8672== 
==8672== Process terminating with default action of signal 1 (SIGHUP)
==8672==    at 0x514E081: read (read.c:27)
==8672==    by 0x50CB147: _IO_file_underflow@@GLIBC_2.2.5 (fileops.c:531)
==8672==    by 0x50CC3F1: _IO_default_uflow (genops.c:380)
==8672==    by 0x50A9BE9: _IO_vfscanf (vfscanf.c:630)
==8672==    by 0x50B9FD7: __isoc99_scanf (isoc99_scanf.c:37)
==8672==    by 0x1087C4: main (main.c:10)
==8672== 
==8672== HEAP SUMMARY:
==8672==     in use at exit: 0 bytes in 0 blocks
==8672==   total heap usage: 1 allocs, 1 frees, 1,024 bytes allocated
==8672== 
==8672== All heap blocks were freed -- no leaks are possible
==8672== 
==8672== For counts of detected and suppressed errors, rerun with: -v
==8672== ERROR SUMMARY: 0 errors from 0 contexts (suppressed: 0 from 0)
