==28452== Memcheck, a memory error detector
==28452== Copyright (C) 2002-2017, and GNU GPL'd, by Julian Seward et al.
==28452== Using Valgrind-3.13.0 and LibVEX; rerun with -h for copyright info
==28452== Command: /rhome/l/lbuturovic1/workspace/OR/ZSR10/Z4/.runme
==28452== Parent PID: 28437
==28452== 
==28452== 
==28452== Process terminating with default action of signal 1 (SIGHUP)
==28452==    at 0x514E081: read (read.c:27)
==28452==    by 0x50CB147: _IO_file_underflow@@GLIBC_2.2.5 (fileops.c:531)
==28452==    by 0x50CC3F1: _IO_default_uflow (genops.c:380)
==28452==    by 0x108769: unesi (main.c:14)
==28452==    by 0x10897F: main (main.c:91)
==28452== 
==28452== HEAP SUMMARY:
==28452==     in use at exit: 0 bytes in 0 blocks
==28452==   total heap usage: 1 allocs, 1 frees, 1,024 bytes allocated
==28452== 
==28452== All heap blocks were freed -- no leaks are possible
==28452== 
==28452== For counts of detected and suppressed errors, rerun with: -v
==28452== ERROR SUMMARY: 0 errors from 0 contexts (suppressed: 0 from 0)
