==18656== Memcheck, a memory error detector
==18656== Copyright (C) 2002-2017, and GNU GPL'd, by Julian Seward et al.
==18656== Using Valgrind-3.13.0 and LibVEX; rerun with -h for copyright info
==18656== Command: /rhome/l/lbuturovic1/workspace/OR/T6/Z2/.runme
==18656== Parent PID: 18642
==18656== 
==18656== 
==18656== Process terminating with default action of signal 1 (SIGHUP)
==18656==    at 0x514E152: write (write.c:27)
==18656==    by 0x50C91BC: _IO_file_write@@GLIBC_2.2.5 (fileops.c:1203)
==18656==    by 0x50C9B2E: new_do_write (fileops.c:457)
==18656==    by 0x50C9B2E: _IO_file_xsputn@@GLIBC_2.2.5 (fileops.c:1277)
==18656==    by 0x509C706: buffered_vfprintf (vfprintf.c:2350)
==18656==    by 0x5099725: vfprintf (vfprintf.c:1301)
==18656==    by 0x50A2F25: printf (printf.c:33)
==18656==    by 0x1087A5: main (main.c:10)
==18656== 
==18656== HEAP SUMMARY:
==18656==     in use at exit: 0 bytes in 0 blocks
==18656==   total heap usage: 1 allocs, 1 frees, 1,024 bytes allocated
==18656== 
==18656== All heap blocks were freed -- no leaks are possible
==18656== 
==18656== For counts of detected and suppressed errors, rerun with: -v
==18656== ERROR SUMMARY: 0 errors from 0 contexts (suppressed: 0 from 0)
