[New LWP 30860]
Core was generated by `'.
Program terminated with signal SIGXCPU, CPU time limit exceeded.
#0  0x0000000000108a4e in ?? ()
#0  0x0000000000108a4e in ?? ()
#1  0x0000000000000d68 in ?? ()
#2  0x0000001fff0008d9 in ?? ()
#3  0x0000000505429a00 in ?? ()
#4  0x0000000f00000001 in ?? ()
#5  0x0000001900000001 in ?? ()
#6  0x0000002000000020 in ?? ()
#7  0x0000001fff0008d9 in ?? ()
#8  0x0000001fff0008cf in ?? ()
#9  0x0000001fff0008e0 in ?? ()
#10 0x0000001fff0008c0 in ?? ()
#11 0x0000001fff0008cf in ?? ()
#12 0x0000001fff0008d9 in ?? ()
#13 0x0000001fff0008c0 in ?? ()
#14 0x000000000542f480 in ?? ()
#15 0x0000001fff0008d9 in ?? ()
#16 0x0000001fff0008c1 in ?? ()
#17 0x0000001fff000930 in ?? ()
#18 0x0000000000108bd1 in ?? ()
#19 0x2a265e2524234021 in ?? ()
#20 0x3e3c3d2d2b5f2928 in ?? ()
#21 0x2c7c7d7b225c3a3f in ?? ()
#22 0x5c5c5d5b273b2f2e in ?? ()
#23 0x0000000000000000 in ?? ()
