==5976== Memcheck, a memory error detector
==5976== Copyright (C) 2002-2017, and GNU GPL'd, by Julian Seward et al.
==5976== Using Valgrind-3.13.0 and LibVEX; rerun with -h for copyright info
==5976== Command: /rhome/l/lbuturovic1/workspace/OR/Z4/Z2/.runme
==5976== Parent PID: 5950
==5976== 
==5976== 
==5976== Process terminating with default action of signal 1 (SIGHUP)
==5976==    at 0x514E081: read (read.c:27)
==5976==    by 0x50CB147: _IO_file_underflow@@GLIBC_2.2.5 (fileops.c:531)
==5976==    by 0x50CC3F1: _IO_default_uflow (genops.c:380)
==5976==    by 0x1087ED: unesi (main.c:6)
==5976==    by 0x108BC4: main (main.c:213)
==5976== 
==5976== HEAP SUMMARY:
==5976==     in use at exit: 0 bytes in 0 blocks
==5976==   total heap usage: 1 allocs, 1 frees, 1,024 bytes allocated
==5976== 
==5976== All heap blocks were freed -- no leaks are possible
==5976== 
==5976== For counts of detected and suppressed errors, rerun with: -v
==5976== ERROR SUMMARY: 0 errors from 0 contexts (suppressed: 0 from 0)
