==28889== Memcheck, a memory error detector
==28889== Copyright (C) 2002-2017, and GNU GPL'd, by Julian Seward et al.
==28889== Using Valgrind-3.13.0 and LibVEX; rerun with -h for copyright info
==28889== Command: /rhome/l/lbuturovic1/workspace/OR/T11/Z5/.runme
==28889== Parent PID: 28874
==28889== 
==28889== 
==28889== Process terminating with default action of signal 1 (SIGHUP)
==28889==    at 0x514E081: read (read.c:27)
==28889==    by 0x50CB147: _IO_file_underflow@@GLIBC_2.2.5 (fileops.c:531)
==28889==    by 0x50CC3F1: _IO_default_uflow (genops.c:380)
==28889==    by 0x50A9BE9: _IO_vfscanf (vfscanf.c:630)
==28889==    by 0x50B9FD7: __isoc99_scanf (isoc99_scanf.c:37)
==28889==    by 0x108758: unos_vremena (main.c:11)
==28889==    by 0x1088C1: main (main.c:29)
==28889== 
==28889== HEAP SUMMARY:
==28889==     in use at exit: 0 bytes in 0 blocks
==28889==   total heap usage: 1 allocs, 1 frees, 1,024 bytes allocated
==28889== 
==28889== All heap blocks were freed -- no leaks are possible
==28889== 
==28889== For counts of detected and suppressed errors, rerun with: -v
==28889== ERROR SUMMARY: 0 errors from 0 contexts (suppressed: 0 from 0)
