==16993== Memcheck, a memory error detector
==16993== Copyright (C) 2002-2017, and GNU GPL'd, by Julian Seward et al.
==16993== Using Valgrind-3.13.0 and LibVEX; rerun with -h for copyright info
==16993== Command: /rhome/l/lbuturovic1/workspace/OR/ZSR9/Z9/.runme
==16993== Parent PID: 16980
==16993== 
==16993== 
==16993== Process terminating with default action of signal 15 (SIGTERM)
==16993==    at 0x54EC081: read (read.c:27)
==16993==    by 0x5469147: _IO_file_underflow@@GLIBC_2.2.5 (fileops.c:531)
==16993==    by 0x546A3F1: _IO_default_uflow (genops.c:380)
==16993==    by 0x10877D: unesi (main.c:5)
==16993==    by 0x108B05: main (main.c:120)
==16993== 
==16993== HEAP SUMMARY:
==16993==     in use at exit: 0 bytes in 0 blocks
==16993==   total heap usage: 1 allocs, 1 frees, 1,024 bytes allocated
==16993== 
==16993== All heap blocks were freed -- no leaks are possible
==16993== 
==16993== For counts of detected and suppressed errors, rerun with: -v
==16993== ERROR SUMMARY: 0 errors from 0 contexts (suppressed: 0 from 0)
