==1152== Memcheck, a memory error detector
==1152== Copyright (C) 2002-2017, and GNU GPL'd, by Julian Seward et al.
==1152== Using Valgrind-3.13.0 and LibVEX; rerun with -h for copyright info
==1152== Command: /rhome/l/lbuturovic1/workspace/OR/P1/Z10/.runme
==1152== Parent PID: 1139
==1152== 
==1152== 
==1152== Process terminating with default action of signal 1 (SIGHUP)
==1152==    at 0x54EC152: write (write.c:27)
==1152==    by 0x54671BC: _IO_file_write@@GLIBC_2.2.5 (fileops.c:1203)
==1152==    by 0x5467B2E: new_do_write (fileops.c:457)
==1152==    by 0x5467B2E: _IO_file_xsputn@@GLIBC_2.2.5 (fileops.c:1277)
==1152==    by 0x545CA8E: puts (ioputs.c:40)
==1152==    by 0x108AD2: unos_kruznice (main.c:64)
==1152==    by 0x108B8E: main (main.c:87)
==1152== 
==1152== HEAP SUMMARY:
==1152==     in use at exit: 0 bytes in 0 blocks
==1152==   total heap usage: 1 allocs, 1 frees, 1,024 bytes allocated
==1152== 
==1152== All heap blocks were freed -- no leaks are possible
==1152== 
==1152== For counts of detected and suppressed errors, rerun with: -v
==1152== ERROR SUMMARY: 0 errors from 0 contexts (suppressed: 0 from 0)
