==26208== Memcheck, a memory error detector
==26208== Copyright (C) 2002-2017, and GNU GPL'd, by Julian Seward et al.
==26208== Using Valgrind-3.13.0 and LibVEX; rerun with -h for copyright info
==26208== Command: /rhome/l/lbuturovic1/workspace/OR/Ispit4/Z2/.runme
==26208== Parent PID: 26195
==26208== 
==26208== Conditional jump or move depends on uninitialised value(s)
==26208==    at 0x108954: udvostruci_rijec (main.c:106)
==26208==    by 0x108993: main (main.c:163)
==26208== 
==26208== Conditional jump or move depends on uninitialised value(s)
==26208==    at 0x108954: udvostruci_rijec (main.c:106)
==26208==    by 0x10899F: main (main.c:165)
==26208== 
==26208== 
==26208== HEAP SUMMARY:
==26208==     in use at exit: 0 bytes in 0 blocks
==26208==   total heap usage: 1 allocs, 1 frees, 1,024 bytes allocated
==26208== 
==26208== All heap blocks were freed -- no leaks are possible
==26208== 
==26208== For counts of detected and suppressed errors, rerun with: -v
==26208== Use --track-origins=yes to see where uninitialised values come from
==26208== ERROR SUMMARY: 2 errors from 2 contexts (suppressed: 0 from 0)
