==23603== Memcheck, a memory error detector
==23603== Copyright (C) 2002-2017, and GNU GPL'd, by Julian Seward et al.
==23603== Using Valgrind-3.13.0 and LibVEX; rerun with -h for copyright info
==23603== Command: /rhome/l/lbuturovic1/workspace/OR/T2/Z3/.runme
==23603== Parent PID: 23591
==23603== 
==23603== 
==23603== Process terminating with default action of signal 1 (SIGHUP)
==23603==    at 0x514E152: write (write.c:27)
==23603==    by 0x50C91BC: _IO_file_write@@GLIBC_2.2.5 (fileops.c:1203)
==23603==    by 0x50C9B2E: new_do_write (fileops.c:457)
==23603==    by 0x50C9B2E: _IO_file_xsputn@@GLIBC_2.2.5 (fileops.c:1277)
==23603==    by 0x509C706: buffered_vfprintf (vfprintf.c:2350)
==23603==    by 0x5099725: vfprintf (vfprintf.c:1301)
==23603==    by 0x50A2F25: printf (printf.c:33)
==23603==    by 0x10876A: main (main.c:8)
==23603== 
==23603== HEAP SUMMARY:
==23603==     in use at exit: 0 bytes in 0 blocks
==23603==   total heap usage: 1 allocs, 1 frees, 1,024 bytes allocated
==23603== 
==23603== All heap blocks were freed -- no leaks are possible
==23603== 
==23603== For counts of detected and suppressed errors, rerun with: -v
==23603== ERROR SUMMARY: 0 errors from 0 contexts (suppressed: 0 from 0)
