==21701== Memcheck, a memory error detector
==21701== Copyright (C) 2002-2017, and GNU GPL'd, by Julian Seward et al.
==21701== Using Valgrind-3.13.0 and LibVEX; rerun with -h for copyright info
==21701== Command: /rhome/l/lbuturovic1/workspace/OR/T10/Z5/.runme
==21701== Parent PID: 21688
==21701== 
==21701== Conditional jump or move depends on uninitialised value(s)
==21701==    at 0x108805: ukloni_komentare (main.c:59)
==21701==    by 0x1088D5: main (main.c:87)
==21701== 
==21701== 
==21701== HEAP SUMMARY:
==21701==     in use at exit: 0 bytes in 0 blocks
==21701==   total heap usage: 0 allocs, 0 frees, 0 bytes allocated
==21701== 
==21701== All heap blocks were freed -- no leaks are possible
==21701== 
==21701== For counts of detected and suppressed errors, rerun with: -v
==21701== Use --track-origins=yes to see where uninitialised values come from
==21701== ERROR SUMMARY: 5 errors from 1 contexts (suppressed: 0 from 0)
