==25495== Memcheck, a memory error detector
==25495== Copyright (C) 2002-2017, and GNU GPL'd, by Julian Seward et al.
==25495== Using Valgrind-3.13.0 and LibVEX; rerun with -h for copyright info
==25495== Command: /rhome/l/lbuturovic1/workspace/OR/T4/Z5/.runme
==25495== Parent PID: 25482
==25495== 
==25495== Conditional jump or move depends on uninitialised value(s)
==25495==    at 0x1087DD: main (main.c:11)
==25495== 
==25495== 
==25495== Process terminating with default action of signal 1 (SIGHUP)
==25495==    at 0x54EC152: write (write.c:27)
==25495==    by 0x54671BC: _IO_file_write@@GLIBC_2.2.5 (fileops.c:1203)
==25495==    by 0x5467B2E: new_do_write (fileops.c:457)
==25495==    by 0x5467B2E: _IO_file_xsputn@@GLIBC_2.2.5 (fileops.c:1277)
==25495==    by 0x543A706: buffered_vfprintf (vfprintf.c:2350)
==25495==    by 0x5437725: vfprintf (vfprintf.c:1301)
==25495==    by 0x5440F25: printf (printf.c:33)
==25495==    by 0x1087EF: main (main.c:14)
==25495== 
==25495== HEAP SUMMARY:
==25495==     in use at exit: 0 bytes in 0 blocks
==25495==   total heap usage: 1 allocs, 1 frees, 1,024 bytes allocated
==25495== 
==25495== All heap blocks were freed -- no leaks are possible
==25495== 
==25495== For counts of detected and suppressed errors, rerun with: -v
==25495== Use --track-origins=yes to see where uninitialised values come from
==25495== ERROR SUMMARY: 1 errors from 1 contexts (suppressed: 0 from 0)
