==12468== Memcheck, a memory error detector
==12468== Copyright (C) 2002-2017, and GNU GPL'd, by Julian Seward et al.
==12468== Using Valgrind-3.13.0 and LibVEX; rerun with -h for copyright info
==12468== Command: /rhome/l/lbuturovic1/workspace/OR/T5/Z3/.runme
==12468== Parent PID: 12454
==12468== 
==12468== 
==12468== Process terminating with default action of signal 1 (SIGHUP)
==12468==    at 0x514E081: read (read.c:27)
==12468==    by 0x50CB147: _IO_file_underflow@@GLIBC_2.2.5 (fileops.c:531)
==12468==    by 0x50CC3F1: _IO_default_uflow (genops.c:380)
==12468==    by 0x50A9BE9: _IO_vfscanf (vfscanf.c:630)
==12468==    by 0x50B9FD7: __isoc99_scanf (isoc99_scanf.c:37)
==12468==    by 0x10877B: main (main.c:9)
==12468== 
==12468== HEAP SUMMARY:
==12468==     in use at exit: 0 bytes in 0 blocks
==12468==   total heap usage: 1 allocs, 1 frees, 1,024 bytes allocated
==12468== 
==12468== All heap blocks were freed -- no leaks are possible
==12468== 
==12468== For counts of detected and suppressed errors, rerun with: -v
==12468== ERROR SUMMARY: 0 errors from 0 contexts (suppressed: 0 from 0)
