==20433== Memcheck, a memory error detector
==20433== Copyright (C) 2002-2017, and GNU GPL'd, by Julian Seward et al.
==20433== Using Valgrind-3.13.0 and LibVEX; rerun with -h for copyright info
==20433== Command: /rhome/l/lbuturovic1/workspace/OR/T1/Z3/.runme
==20433== Parent PID: 20417
==20433== 
==20433== 
==20433== Process terminating with default action of signal 1 (SIGHUP)
==20433==    at 0x54EC152: write (write.c:27)
==20433==    by 0x54671BC: _IO_file_write@@GLIBC_2.2.5 (fileops.c:1203)
==20433==    by 0x5467B2E: new_do_write (fileops.c:457)
==20433==    by 0x5467B2E: _IO_file_xsputn@@GLIBC_2.2.5 (fileops.c:1277)
==20433==    by 0x545CA8E: puts (ioputs.c:40)
==20433==    by 0x108839: main (main.c:9)
==20433== 
==20433== HEAP SUMMARY:
==20433==     in use at exit: 0 bytes in 0 blocks
==20433==   total heap usage: 1 allocs, 1 frees, 1,024 bytes allocated
==20433== 
==20433== All heap blocks were freed -- no leaks are possible
==20433== 
==20433== For counts of detected and suppressed errors, rerun with: -v
==20433== ERROR SUMMARY: 0 errors from 0 contexts (suppressed: 0 from 0)
