==21708== Memcheck, a memory error detector
==21708== Copyright (C) 2002-2017, and GNU GPL'd, by Julian Seward et al.
==21708== Using Valgrind-3.13.0 and LibVEX; rerun with -h for copyright info
==21708== Command: /rhome/l/lbuturovic1/workspace/OR/T4/Z1/.runme
==21708== Parent PID: 21695
==21708== 
==21708== Conditional jump or move depends on uninitialised value(s)
==21708==    at 0x10881F: main (main.c:9)
==21708== 
==21708== Conditional jump or move depends on uninitialised value(s)
==21708==    at 0x1088B3: main (main.c:16)
==21708== 
==21708== Conditional jump or move depends on uninitialised value(s)
==21708==    at 0x1088BD: main (main.c:16)
==21708== 
==21708== Conditional jump or move depends on uninitialised value(s)
==21708==    at 0x543B1B8: __printf_fp_l (printf_fp.c:392)
==21708==    by 0x5438A06: vfprintf (vfprintf.c:1642)
==21708==    by 0x543A67F: buffered_vfprintf (vfprintf.c:2329)
==21708==    by 0x5437725: vfprintf (vfprintf.c:1301)
==21708==    by 0x5440F25: printf (printf.c:33)
==21708==    by 0x1088F9: main (main.c:19)
==21708== 
==21708== Conditional jump or move depends on uninitialised value(s)
==21708==    at 0x543B1D9: __printf_fp_l (printf_fp.c:392)
==21708==    by 0x5438A06: vfprintf (vfprintf.c:1642)
==21708==    by 0x543A67F: buffered_vfprintf (vfprintf.c:2329)
==21708==    by 0x5437725: vfprintf (vfprintf.c:1301)
==21708==    by 0x5440F25: printf (printf.c:33)
==21708==    by 0x1088F9: main (main.c:19)
==21708== 
==21708== Conditional jump or move depends on uninitialised value(s)
==21708==    at 0x543AE0B: __printf_fp_l (printf_fp.c:400)
==21708==    by 0x5438A06: vfprintf (vfprintf.c:1642)
==21708==    by 0x543A67F: buffered_vfprintf (vfprintf.c:2329)
==21708==    by 0x5437725: vfprintf (vfprintf.c:1301)
==21708==    by 0x5440F25: printf (printf.c:33)
==21708==    by 0x1088F9: main (main.c:19)
==21708== 
==21708== 
==21708== Process terminating with default action of signal 1 (SIGHUP)
==21708==    at 0x54EC152: write (write.c:27)
==21708==    by 0x54671BC: _IO_file_write@@GLIBC_2.2.5 (fileops.c:1203)
==21708==    by 0x5467B2E: new_do_write (fileops.c:457)
==21708==    by 0x5467B2E: _IO_file_xsputn@@GLIBC_2.2.5 (fileops.c:1277)
==21708==    by 0x543A706: buffered_vfprintf (vfprintf.c:2350)
==21708==    by 0x5437725: vfprintf (vfprintf.c:1301)
==21708==    by 0x5440F25: printf (printf.c:33)
==21708==    by 0x1088F9: main (main.c:19)
==21708== 
==21708== HEAP SUMMARY:
==21708==     in use at exit: 0 bytes in 0 blocks
==21708==   total heap usage: 1 allocs, 1 frees, 1,024 bytes allocated
==21708== 
==21708== All heap blocks were freed -- no leaks are possible
==21708== 
==21708== For counts of detected and suppressed errors, rerun with: -v
==21708== Use --track-origins=yes to see where uninitialised values come from
==21708== ERROR SUMMARY: 6 errors from 6 contexts (suppressed: 0 from 0)
