==6368== Memcheck, a memory error detector
==6368== Copyright (C) 2002-2017, and GNU GPL'd, by Julian Seward et al.
==6368== Using Valgrind-3.13.0 and LibVEX; rerun with -h for copyright info
==6368== Command: /rhome/l/lbuturovic1/workspace/OR/T11/Z1/.runme
==6368== Parent PID: 6349
==6368== 
==6368== 
==6368== Process terminating with default action of signal 1 (SIGHUP)
==6368==    at 0x54EC152: write (write.c:27)
==6368==    by 0x54671BC: _IO_file_write@@GLIBC_2.2.5 (fileops.c:1203)
==6368==    by 0x5467B2E: new_do_write (fileops.c:457)
==6368==    by 0x5467B2E: _IO_file_xsputn@@GLIBC_2.2.5 (fileops.c:1277)
==6368==    by 0x543A706: buffered_vfprintf (vfprintf.c:2350)
==6368==    by 0x5437725: vfprintf (vfprintf.c:1301)
==6368==    by 0x5440F25: printf (printf.c:33)
==6368==    by 0x1088A9: unos_kruznice (main.c:24)
==6368==    by 0x1089D4: main (main.c:40)
==6368== 
==6368== HEAP SUMMARY:
==6368==     in use at exit: 0 bytes in 0 blocks
==6368==   total heap usage: 1 allocs, 1 frees, 1,024 bytes allocated
==6368== 
==6368== All heap blocks were freed -- no leaks are possible
==6368== 
==6368== For counts of detected and suppressed errors, rerun with: -v
==6368== ERROR SUMMARY: 0 errors from 0 contexts (suppressed: 0 from 0)
