[New LWP 3484]
Core was generated by `'.
Program terminated with signal SIGSEGV, Segmentation fault.
#0  0x0000000000108720 in ?? ()
#0  0x0000000000108720 in ?? ()
#1  0x0000000200000001 in ?? ()
#2  0x0000000000108819 in ?? ()
#3  0x00000000040109a0 in ?? ()
#4  0x0000000000000002 in ?? ()
#5  0x000000000010881c in ?? ()
#6  0x0000000000108814 in ?? ()
#7  0x0000001fff000920 in ?? ()
#8  0x0000000000108773 in ?? ()
#9  0x0000000000108790 in ?? ()
#10 0x000000000505fb97 in ?? ()
#11 0x00000000054262a0 in ?? ()
#12 0x0000001fff000a08 in ?? ()
#13 0x000000010542a760 in ?? ()
#14 0x000000000010875e in ?? ()
#15 0x0000000000000000 in ?? ()
