==27315== Memcheck, a memory error detector
==27315== Copyright (C) 2002-2017, and GNU GPL'd, by Julian Seward et al.
==27315== Using Valgrind-3.13.0 and LibVEX; rerun with -h for copyright info
==27315== Command: /rhome/l/lbuturovic1/workspace/OR/T8/Z2/.runme
==27315== Parent PID: 27300
==27315== 
==27315== 
==27315== Process terminating with default action of signal 1 (SIGHUP)
==27315==    at 0x514E07F: read (read.c:27)
==27315==    by 0x50CB147: _IO_file_underflow@@GLIBC_2.2.5 (fileops.c:531)
==27315==    by 0x50CC3F1: _IO_default_uflow (genops.c:380)
==27315==    by 0x50A9BE9: _IO_vfscanf (vfscanf.c:630)
==27315==    by 0x50B9FD7: __isoc99_scanf (isoc99_scanf.c:37)
==27315==    by 0x10881A: main (main.c:37)
==27315== 
==27315== HEAP SUMMARY:
==27315==     in use at exit: 0 bytes in 0 blocks
==27315==   total heap usage: 1 allocs, 1 frees, 1,024 bytes allocated
==27315== 
==27315== All heap blocks were freed -- no leaks are possible
==27315== 
==27315== For counts of detected and suppressed errors, rerun with: -v
==27315== ERROR SUMMARY: 0 errors from 0 contexts (suppressed: 0 from 0)
