==27784== Memcheck, a memory error detector
==27784== Copyright (C) 2002-2017, and GNU GPL'd, by Julian Seward et al.
==27784== Using Valgrind-3.13.0 and LibVEX; rerun with -h for copyright info
==27784== Command: /rhome/l/lbuturovic1/workspace/OR/T5/Z2/.runme
==27784== Parent PID: 27772
==27784== 
==27784== Conditional jump or move depends on uninitialised value(s)
==27784==    at 0x1087C2: main (main.c:16)
==27784== 
==27784== Conditional jump or move depends on uninitialised value(s)
==27784==    at 0x1087EC: main (main.c:22)
==27784== 
==27784== Conditional jump or move depends on uninitialised value(s)
==27784==    at 0x108806: main (main.c:23)
==27784== 
==27784== 
==27784== Process terminating with default action of signal 1 (SIGHUP)
==27784==    at 0x514E152: write (write.c:27)
==27784==    by 0x50C91BC: _IO_file_write@@GLIBC_2.2.5 (fileops.c:1203)
==27784==    by 0x50C9B2E: new_do_write (fileops.c:457)
==27784==    by 0x50C9B2E: _IO_file_xsputn@@GLIBC_2.2.5 (fileops.c:1277)
==27784==    by 0x509C706: buffered_vfprintf (vfprintf.c:2350)
==27784==    by 0x5099725: vfprintf (vfprintf.c:1301)
==27784==    by 0x50A2F25: printf (printf.c:33)
==27784==    by 0x10877C: main (main.c:9)
==27784== 
==27784== HEAP SUMMARY:
==27784==     in use at exit: 0 bytes in 0 blocks
==27784==   total heap usage: 1 allocs, 1 frees, 1,024 bytes allocated
==27784== 
==27784== All heap blocks were freed -- no leaks are possible
==27784== 
==27784== For counts of detected and suppressed errors, rerun with: -v
==27784== Use --track-origins=yes to see where uninitialised values come from
==27784== ERROR SUMMARY: 3 errors from 3 contexts (suppressed: 0 from 0)
