==17425== Memcheck, a memory error detector
==17425== Copyright (C) 2002-2017, and GNU GPL'd, by Julian Seward et al.
==17425== Using Valgrind-3.13.0 and LibVEX; rerun with -h for copyright info
==17425== Command: /rhome/l/lbuturovic1/workspace/OR/T6/Z1/.runme
==17425== Parent PID: 17414
==17425== 
==17425== 
==17425== Process terminating with default action of signal 1 (SIGHUP)
==17425==    at 0x514E081: read (read.c:27)
==17425==    by 0x50CB147: _IO_file_underflow@@GLIBC_2.2.5 (fileops.c:531)
==17425==    by 0x50CC3F1: _IO_default_uflow (genops.c:380)
==17425==    by 0x50A9BE9: _IO_vfscanf (vfscanf.c:630)
==17425==    by 0x50B9FD7: __isoc99_scanf (isoc99_scanf.c:37)
==17425==    by 0x1087CA: main (main.c:11)
==17425== 
==17425== HEAP SUMMARY:
==17425==     in use at exit: 0 bytes in 0 blocks
==17425==   total heap usage: 1 allocs, 1 frees, 1,024 bytes allocated
==17425== 
==17425== All heap blocks were freed -- no leaks are possible
==17425== 
==17425== For counts of detected and suppressed errors, rerun with: -v
==17425== ERROR SUMMARY: 0 errors from 0 contexts (suppressed: 0 from 0)
