==32576== Memcheck, a memory error detector
==32576== Copyright (C) 2002-2017, and GNU GPL'd, by Julian Seward et al.
==32576== Using Valgrind-3.13.0 and LibVEX; rerun with -h for copyright info
==32576== Command: /rhome/l/lbuturovic1/workspace/OR/T2/Z6/.runme
==32576== Parent PID: 32562
==32576== 
==32576== Conditional jump or move depends on uninitialised value(s)
==32576==    at 0x108776: main (main.c:7)
==32576== 
==32576== Conditional jump or move depends on uninitialised value(s)
==32576==    at 0x108794: main (main.c:7)
==32576== 
==32576== Conditional jump or move depends on uninitialised value(s)
==32576==    at 0x1087A3: main (main.c:7)
==32576== 
==32576== Conditional jump or move depends on uninitialised value(s)
==32576==    at 0x1087C3: main (main.c:8)
==32576== 
==32576== Conditional jump or move depends on uninitialised value(s)
==32576==    at 0x1087D2: main (main.c:8)
==32576== 
==32576== Conditional jump or move depends on uninitialised value(s)
==32576==    at 0x509D1B8: __printf_fp_l (printf_fp.c:392)
==32576==    by 0x509AA06: vfprintf (vfprintf.c:1642)
==32576==    by 0x509C67F: buffered_vfprintf (vfprintf.c:2329)
==32576==    by 0x5099725: vfprintf (vfprintf.c:1301)
==32576==    by 0x50A2F25: printf (printf.c:33)
==32576==    by 0x1087F6: main (main.c:8)
==32576== 
==32576== Conditional jump or move depends on uninitialised value(s)
==32576==    at 0x509D1D9: __printf_fp_l (printf_fp.c:392)
==32576==    by 0x509AA06: vfprintf (vfprintf.c:1642)
==32576==    by 0x509C67F: buffered_vfprintf (vfprintf.c:2329)
==32576==    by 0x5099725: vfprintf (vfprintf.c:1301)
==32576==    by 0x50A2F25: printf (printf.c:33)
==32576==    by 0x1087F6: main (main.c:8)
==32576== 
==32576== Conditional jump or move depends on uninitialised value(s)
==32576==    at 0x5092A30: __mpn_extract_double (dbl2mpn.c:56)
==32576==    by 0x509D208: __printf_fp_l (printf_fp.c:392)
==32576==    by 0x509AA06: vfprintf (vfprintf.c:1642)
==32576==    by 0x509C67F: buffered_vfprintf (vfprintf.c:2329)
==32576==    by 0x5099725: vfprintf (vfprintf.c:1301)
==32576==    by 0x50A2F25: printf (printf.c:33)
==32576==    by 0x1087F6: main (main.c:8)
==32576== 
==32576== Conditional jump or move depends on uninitialised value(s)
==32576==    at 0x509D061: __printf_fp_l (printf_fp.c:442)
==32576==    by 0x509AA06: vfprintf (vfprintf.c:1642)
==32576==    by 0x509C67F: buffered_vfprintf (vfprintf.c:2329)
==32576==    by 0x5099725: vfprintf (vfprintf.c:1301)
==32576==    by 0x50A2F25: printf (printf.c:33)
==32576==    by 0x1087F6: main (main.c:8)
==32576== 
==32576== Conditional jump or move depends on uninitialised value(s)
==32576==    at 0x509DDFA: __printf_fp_l (printf_fp.c:645)
==32576==    by 0x509AA06: vfprintf (vfprintf.c:1642)
==32576==    by 0x509C67F: buffered_vfprintf (vfprintf.c:2329)
==32576==    by 0x5099725: vfprintf (vfprintf.c:1301)
==32576==    by 0x50A2F25: printf (printf.c:33)
==32576==    by 0x1087F6: main (main.c:8)
==32576== 
==32576== Use of uninitialised value of size 8
==32576==    at 0x509E3E7: __printf_fp_l (printf_fp.c:661)
==32576==    by 0x509AA06: vfprintf (vfprintf.c:1642)
==32576==    by 0x509C67F: buffered_vfprintf (vfprintf.c:2329)
==32576==    by 0x5099725: vfprintf (vfprintf.c:1301)
==32576==    by 0x50A2F25: printf (printf.c:33)
==32576==    by 0x1087F6: main (main.c:8)
==32576== 
==32576== Use of uninitialised value of size 8
==32576==    at 0x5091288: __mpn_lshift (lshift.S:59)
==32576==    by 0x509E3EB: __printf_fp_l (printf_fp.c:661)
==32576==    by 0x509AA06: vfprintf (vfprintf.c:1642)
==32576==    by 0x509C67F: buffered_vfprintf (vfprintf.c:2329)
==32576==    by 0x5099725: vfprintf (vfprintf.c:1301)
==32576==    by 0x50A2F25: printf (printf.c:33)
==32576==    by 0x1087F6: main (main.c:8)
==32576== 
==32576== Use of uninitialised value of size 8
==32576==    at 0x509128B: __mpn_lshift (lshift.S:60)
==32576==    by 0x509E3EB: __printf_fp_l (printf_fp.c:661)
==32576==    by 0x509AA06: vfprintf (vfprintf.c:1642)
==32576==    by 0x509C67F: buffered_vfprintf (vfprintf.c:2329)
==32576==    by 0x5099725: vfprintf (vfprintf.c:1301)
==32576==    by 0x50A2F25: printf (printf.c:33)
==32576==    by 0x1087F6: main (main.c:8)
==32576== 
==32576== Use of uninitialised value of size 8
==32576==    at 0x509E41C: __printf_fp_l (printf_fp.c:662)
==32576==    by 0x509AA06: vfprintf (vfprintf.c:1642)
==32576==    by 0x509C67F: buffered_vfprintf (vfprintf.c:2329)
==32576==    by 0x5099725: vfprintf (vfprintf.c:1301)
==32576==    by 0x50A2F25: printf (printf.c:33)
==32576==    by 0x1087F6: main (main.c:8)
==32576== 
==32576== Conditional jump or move depends on uninitialised value(s)
==32576==    at 0x509E4F5: __printf_fp_l (printf_fp.c:673)
==32576==    by 0x509AA06: vfprintf (vfprintf.c:1642)
==32576==    by 0x509C67F: buffered_vfprintf (vfprintf.c:2329)
==32576==    by 0x5099725: vfprintf (vfprintf.c:1301)
==32576==    by 0x50A2F25: printf (printf.c:33)
==32576==    by 0x1087F6: main (main.c:8)
==32576== 
==32576== Conditional jump or move depends on uninitialised value(s)
==32576==    at 0x509E4E8: __printf_fp_l (printf_fp.c:785)
==32576==    by 0x509AA06: vfprintf (vfprintf.c:1642)
==32576==    by 0x509C67F: buffered_vfprintf (vfprintf.c:2329)
==32576==    by 0x5099725: vfprintf (vfprintf.c:1301)
==32576==    by 0x50A2F25: printf (printf.c:33)
==32576==    by 0x1087F6: main (main.c:8)
==32576== 
==32576== Use of uninitialised value of size 8
==32576==    at 0x50918C4: __mpn_mul_1 (mul_1.S:36)
==32576==    by 0x5091684: __mpn_mul (mul.c:81)
==32576==    by 0x509E533: __printf_fp_l (printf_fp.c:686)
==32576==    by 0x509AA06: vfprintf (vfprintf.c:1642)
==32576==    by 0x509C67F: buffered_vfprintf (vfprintf.c:2329)
==32576==    by 0x5099725: vfprintf (vfprintf.c:1301)
==32576==    by 0x50A2F25: printf (printf.c:33)
==32576==    by 0x1087F6: main (main.c:8)
==32576== 
==32576== Use of uninitialised value of size 8
==32576==    at 0x509194F: __mpn_mul_1 (mul_1.S:85)
==32576==    by 0x5091684: __mpn_mul (mul.c:81)
==32576==    by 0x509E533: __printf_fp_l (printf_fp.c:686)
==32576==    by 0x509AA06: vfprintf (vfprintf.c:1642)
==32576==    by 0x509C67F: buffered_vfprintf (vfprintf.c:2329)
==32576==    by 0x5099725: vfprintf (vfprintf.c:1301)
==32576==    by 0x50A2F25: printf (printf.c:33)
==32576==    by 0x1087F6: main (main.c:8)
==32576== 
==32576== Use of uninitialised value of size 8
==32576==    at 0x50919C2: __mpn_mul_1 (mul_1.S:117)
==32576==    by 0x5091684: __mpn_mul (mul.c:81)
==32576==    by 0x509E533: __printf_fp_l (printf_fp.c:686)
==32576==    by 0x509AA06: vfprintf (vfprintf.c:1642)
==32576==    by 0x509C67F: buffered_vfprintf (vfprintf.c:2329)
==32576==    by 0x5099725: vfprintf (vfprintf.c:1301)
==32576==    by 0x50A2F25: printf (printf.c:33)
==32576==    by 0x1087F6: main (main.c:8)
==32576== 
==32576== Use of uninitialised value of size 8
==32576==    at 0x5091695: __mpn_mul (mul.c:83)
==32576==    by 0x509E533: __printf_fp_l (printf_fp.c:686)
==32576==    by 0x509AA06: vfprintf (vfprintf.c:1642)
==32576==    by 0x509C67F: buffered_vfprintf (vfprintf.c:2329)
==32576==    by 0x5099725: vfprintf (vfprintf.c:1301)
==32576==    by 0x50A2F25: printf (printf.c:33)
==32576==    by 0x1087F6: main (main.c:8)
==32576== 
==32576== Use of uninitialised value of size 8
==32576==    at 0x5090AE8: __mpn_addmul_1 (addmul_1.S:40)
==32576==    by 0x1FFEFFD93F: ???
==32576==    by 0x509E533: __printf_fp_l (printf_fp.c:686)
==32576==    by 0x509AA06: vfprintf (vfprintf.c:1642)
==32576==    by 0x509C67F: buffered_vfprintf (vfprintf.c:2329)
==32576==    by 0x5099725: vfprintf (vfprintf.c:1301)
==32576==    by 0x50A2F25: printf (printf.c:33)
==32576==    by 0x1087F6: main (main.c:8)
==32576== 
==32576== Use of uninitialised value of size 8
==32576==    at 0x5090AEB: __mpn_addmul_1 (addmul_1.S:41)
==32576==    by 0x1FFEFFD93F: ???
==32576==    by 0x509E533: __printf_fp_l (printf_fp.c:686)
==32576==    by 0x509AA06: vfprintf (vfprintf.c:1642)
==32576==    by 0x509C67F: buffered_vfprintf (vfprintf.c:2329)
==32576==    by 0x5099725: vfprintf (vfprintf.c:1301)
==32576==    by 0x50A2F25: printf (printf.c:33)
==32576==    by 0x1087F6: main (main.c:8)
==32576== 
==32576== Use of uninitialised value of size 8
==32576==    at 0x50916CF: __mpn_mul (mul.c:100)
==32576==    by 0x509E533: __printf_fp_l (printf_fp.c:686)
==32576==    by 0x509AA06: vfprintf (vfprintf.c:1642)
==32576==    by 0x509C67F: buffered_vfprintf (vfprintf.c:2329)
==32576==    by 0x5099725: vfprintf (vfprintf.c:1301)
==32576==    by 0x50A2F25: printf (printf.c:33)
==32576==    by 0x1087F6: main (main.c:8)
==32576== 
==32576== Conditional jump or move depends on uninitialised value(s)
==32576==    at 0x50916DE: __mpn_mul (mul.c:88)
==32576==    by 0x509E533: __printf_fp_l (printf_fp.c:686)
==32576==    by 0x509AA06: vfprintf (vfprintf.c:1642)
==32576==    by 0x509C67F: buffered_vfprintf (vfprintf.c:2329)
==32576==    by 0x5099725: vfprintf (vfprintf.c:1301)
==32576==    by 0x50A2F25: printf (printf.c:33)
==32576==    by 0x1087F6: main (main.c:8)
==32576== 
==32576== Conditional jump or move depends on uninitialised value(s)
==32576==    at 0x509E474: __printf_fp_l (printf_fp.c:690)
==32576==    by 0x509AA06: vfprintf (vfprintf.c:1642)
==32576==    by 0x509C67F: buffered_vfprintf (vfprintf.c:2329)
==32576==    by 0x5099725: vfprintf (vfprintf.c:1301)
==32576==    by 0x50A2F25: printf (printf.c:33)
==32576==    by 0x1087F6: main (main.c:8)
==32576== 
==32576== Use of uninitialised value of size 8
==32576==    at 0x509E4A1: __printf_fp_l (printf_fp.c:693)
==32576==    by 0x509AA06: vfprintf (vfprintf.c:1642)
==32576==    by 0x509C67F: buffered_vfprintf (vfprintf.c:2329)
==32576==    by 0x5099725: vfprintf (vfprintf.c:1301)
==32576==    by 0x50A2F25: printf (printf.c:33)
==32576==    by 0x1087F6: main (main.c:8)
==32576== 
==32576== Conditional jump or move depends on uninitialised value(s)
==32576==    at 0x509E4C0: __printf_fp_l (printf_fp.c:702)
==32576==    by 0x509AA06: vfprintf (vfprintf.c:1642)
==32576==    by 0x509C67F: buffered_vfprintf (vfprintf.c:2329)
==32576==    by 0x5099725: vfprintf (vfprintf.c:1301)
==32576==    by 0x50A2F25: printf (printf.c:33)
==32576==    by 0x1087F6: main (main.c:8)
==32576== 
==32576== Conditional jump or move depends on uninitialised value(s)
==32576==    at 0x509E4CC: __printf_fp_l (printf_fp.c:724)
==32576==    by 0x509AA06: vfprintf (vfprintf.c:1642)
==32576==    by 0x509C67F: buffered_vfprintf (vfprintf.c:2329)
==32576==    by 0x5099725: vfprintf (vfprintf.c:1301)
==32576==    by 0x50A2F25: printf (printf.c:33)
==32576==    by 0x1087F6: main (main.c:8)
==32576== 
==32576== Use of uninitialised value of size 8
==32576==    at 0x509E57C: __printf_fp_l (printf_fp.c:741)
==32576==    by 0x509AA06: vfprintf (vfprintf.c:1642)
==32576==    by 0x509C67F: buffered_vfprintf (vfprintf.c:2329)
==32576==    by 0x5099725: vfprintf (vfprintf.c:1301)
==32576==    by 0x50A2F25: printf (printf.c:33)
==32576==    by 0x1087F6: main (main.c:8)
==32576== 
==32576== Conditional jump or move depends on uninitialised value(s)
==32576==    at 0x509E582: __printf_fp_l (printf_fp.c:741)
==32576==    by 0x509AA06: vfprintf (vfprintf.c:1642)
==32576==    by 0x509C67F: buffered_vfprintf (vfprintf.c:2329)
==32576==    by 0x5099725: vfprintf (vfprintf.c:1301)
==32576==    by 0x50A2F25: printf (printf.c:33)
==32576==    by 0x1087F6: main (main.c:8)
==32576== 
==32576== Use of uninitialised value of size 8
==32576==    at 0x509E5A6: __printf_fp_l (printf_fp.c:741)
==32576==    by 0x509AA06: vfprintf (vfprintf.c:1642)
==32576==    by 0x509C67F: buffered_vfprintf (vfprintf.c:2329)
==32576==    by 0x5099725: vfprintf (vfprintf.c:1301)
==32576==    by 0x50A2F25: printf (printf.c:33)
==32576==    by 0x1087F6: main (main.c:8)
==32576== 
==32576== Conditional jump or move depends on uninitialised value(s)
==32576==    at 0x509E5C3: __printf_fp_l (printf_fp.c:741)
==32576==    by 0x509AA06: vfprintf (vfprintf.c:1642)
==32576==    by 0x509C67F: buffered_vfprintf (vfprintf.c:2329)
==32576==    by 0x5099725: vfprintf (vfprintf.c:1301)
==32576==    by 0x50A2F25: printf (printf.c:33)
==32576==    by 0x1087F6: main (main.c:8)
==32576== 
==32576== Conditional jump or move depends on uninitialised value(s)
==32576==    at 0x509E5C9: __printf_fp_l (printf_fp.c:742)
==32576==    by 0x509AA06: vfprintf (vfprintf.c:1642)
==32576==    by 0x509C67F: buffered_vfprintf (vfprintf.c:2329)
==32576==    by 0x5099725: vfprintf (vfprintf.c:1301)
==32576==    by 0x50A2F25: printf (printf.c:33)
==32576==    by 0x1087F6: main (main.c:8)
==32576== 
==32576== Conditional jump or move depends on uninitialised value(s)
==32576==    at 0x509E5E8: __printf_fp_l (printf_fp.c:763)
==32576==    by 0x509AA06: vfprintf (vfprintf.c:1642)
==32576==    by 0x509C67F: buffered_vfprintf (vfprintf.c:2329)
==32576==    by 0x5099725: vfprintf (vfprintf.c:1301)
==32576==    by 0x50A2F25: printf (printf.c:33)
==32576==    by 0x1087F6: main (main.c:8)
==32576== 
==32576== Use of uninitialised value of size 8
==32576==    at 0x50913D0: __mpn_rshift (rshift.S:80)
==32576==    by 0x509E5FD: __printf_fp_l (printf_fp.c:775)
==32576==    by 0x509AA06: vfprintf (vfprintf.c:1642)
==32576==    by 0x509C67F: buffered_vfprintf (vfprintf.c:2329)
==32576==    by 0x5099725: vfprintf (vfprintf.c:1301)
==32576==    by 0x50A2F25: printf (printf.c:33)
==32576==    by 0x1087F6: main (main.c:8)
==32576== 
==32576== Use of uninitialised value of size 8
==32576==    at 0x5091430: __mpn_rshift (rshift.S:108)
==32576==    by 0x509E5FD: __printf_fp_l (printf_fp.c:775)
==32576==    by 0x509AA06: vfprintf (vfprintf.c:1642)
==32576==    by 0x509C67F: buffered_vfprintf (vfprintf.c:2329)
==32576==    by 0x5099725: vfprintf (vfprintf.c:1301)
==32576==    by 0x50A2F25: printf (printf.c:33)
==32576==    by 0x1087F6: main (main.c:8)
==32576== 
==32576== Use of uninitialised value of size 8
==32576==    at 0x5091995: __mpn_mul_1 (mul_1.S:104)
==32576==    by 0x5091684: __mpn_mul (mul.c:81)
==32576==    by 0x509E533: __printf_fp_l (printf_fp.c:686)
==32576==    by 0x509AA06: vfprintf (vfprintf.c:1642)
==32576==    by 0x509C67F: buffered_vfprintf (vfprintf.c:2329)
==32576==    by 0x5099725: vfprintf (vfprintf.c:1301)
==32576==    by 0x50A2F25: printf (printf.c:33)
==32576==    by 0x1087F6: main (main.c:8)
==32576== 
==32576== Use of uninitialised value of size 8
==32576==    at 0x509199D: __mpn_mul_1 (mul_1.S:106)
==32576==    by 0x5091684: __mpn_mul (mul.c:81)
==32576==    by 0x509E533: __printf_fp_l (printf_fp.c:686)
==32576==    by 0x509AA06: vfprintf (vfprintf.c:1642)
==32576==    by 0x509C67F: buffered_vfprintf (vfprintf.c:2329)
==32576==    by 0x5099725: vfprintf (vfprintf.c:1301)
==32576==    by 0x50A2F25: printf (printf.c:33)
==32576==    by 0x1087F6: main (main.c:8)
==32576== 
==32576== Conditional jump or move depends on uninitialised value(s)
==32576==    at 0x509F3E1: __printf_fp_l (printf_fp.c:742)
==32576==    by 0x509AA06: vfprintf (vfprintf.c:1642)
==32576==    by 0x509C67F: buffered_vfprintf (vfprintf.c:2329)
==32576==    by 0x5099725: vfprintf (vfprintf.c:1301)
==32576==    by 0x50A2F25: printf (printf.c:33)
==32576==    by 0x1087F6: main (main.c:8)
==32576== 
==32576== Conditional jump or move depends on uninitialised value(s)
==32576==    at 0x509F3FD: __printf_fp_l (printf_fp.c:752)
==32576==    by 0x509AA06: vfprintf (vfprintf.c:1642)
==32576==    by 0x509C67F: buffered_vfprintf (vfprintf.c:2329)
==32576==    by 0x5099725: vfprintf (vfprintf.c:1301)
==32576==    by 0x50A2F25: printf (printf.c:33)
==32576==    by 0x1087F6: main (main.c:8)
==32576== 
==32576== Conditional jump or move depends on uninitialised value(s)
==32576==    at 0x509E66E: __printf_fp_l (printf_fp.c:787)
==32576==    by 0x509AA06: vfprintf (vfprintf.c:1642)
==32576==    by 0x509C67F: buffered_vfprintf (vfprintf.c:2329)
==32576==    by 0x5099725: vfprintf (vfprintf.c:1301)
==32576==    by 0x50A2F25: printf (printf.c:33)
==32576==    by 0x1087F6: main (main.c:8)
==32576== 
==32576== Use of uninitialised value of size 8
==32576==    at 0x50918C4: __mpn_mul_1 (mul_1.S:36)
==32576==    by 0x509E68F: __printf_fp_l (printf_fp.c:791)
==32576==    by 0x509AA06: vfprintf (vfprintf.c:1642)
==32576==    by 0x509C67F: buffered_vfprintf (vfprintf.c:2329)
==32576==    by 0x5099725: vfprintf (vfprintf.c:1301)
==32576==    by 0x50A2F25: printf (printf.c:33)
==32576==    by 0x1087F6: main (main.c:8)
==32576== 
==32576== Use of uninitialised value of size 8
==32576==    at 0x5091995: __mpn_mul_1 (mul_1.S:104)
==32576==    by 0x509E68F: __printf_fp_l (printf_fp.c:791)
==32576==    by 0x509AA06: vfprintf (vfprintf.c:1642)
==32576==    by 0x509C67F: buffered_vfprintf (vfprintf.c:2329)
==32576==    by 0x5099725: vfprintf (vfprintf.c:1301)
==32576==    by 0x50A2F25: printf (printf.c:33)
==32576==    by 0x1087F6: main (main.c:8)
==32576== 
==32576== Use of uninitialised value of size 8
==32576==    at 0x509199D: __mpn_mul_1 (mul_1.S:106)
==32576==    by 0x509E68F: __printf_fp_l (printf_fp.c:791)
==32576==    by 0x509AA06: vfprintf (vfprintf.c:1642)
==32576==    by 0x509C67F: buffered_vfprintf (vfprintf.c:2329)
==32576==    by 0x5099725: vfprintf (vfprintf.c:1301)
==32576==    by 0x50A2F25: printf (printf.c:33)
==32576==    by 0x1087F6: main (main.c:8)
==32576== 
==32576== Use of uninitialised value of size 8
==32576==    at 0x50919C2: __mpn_mul_1 (mul_1.S:117)
==32576==    by 0x509E68F: __printf_fp_l (printf_fp.c:791)
==32576==    by 0x509AA06: vfprintf (vfprintf.c:1642)
==32576==    by 0x509C67F: buffered_vfprintf (vfprintf.c:2329)
==32576==    by 0x5099725: vfprintf (vfprintf.c:1301)
==32576==    by 0x50A2F25: printf (printf.c:33)
==32576==    by 0x1087F6: main (main.c:8)
==32576== 
==32576== Use of uninitialised value of size 8
==32576==    at 0x509E6A6: __printf_fp_l (printf_fp.c:795)
==32576==    by 0x509AA06: vfprintf (vfprintf.c:1642)
==32576==    by 0x509C67F: buffered_vfprintf (vfprintf.c:2329)
==32576==    by 0x5099725: vfprintf (vfprintf.c:1301)
==32576==    by 0x50A2F25: printf (printf.c:33)
==32576==    by 0x1087F6: main (main.c:8)
==32576== 
==32576== Conditional jump or move depends on uninitialised value(s)
==32576==    at 0x509E6BB: __printf_fp_l (printf_fp.c:796)
==32576==    by 0x509AA06: vfprintf (vfprintf.c:1642)
==32576==    by 0x509C67F: buffered_vfprintf (vfprintf.c:2329)
==32576==    by 0x5099725: vfprintf (vfprintf.c:1301)
==32576==    by 0x50A2F25: printf (printf.c:33)
==32576==    by 0x1087F6: main (main.c:8)
==32576== 
==32576== Use of uninitialised value of size 8
==32576==    at 0x50913D0: __mpn_rshift (rshift.S:80)
==32576==    by 0x509F3C3: __printf_fp_l (printf_fp.c:804)
==32576==    by 0x509AA06: vfprintf (vfprintf.c:1642)
==32576==    by 0x509C67F: buffered_vfprintf (vfprintf.c:2329)
==32576==    by 0x5099725: vfprintf (vfprintf.c:1301)
==32576==    by 0x50A2F25: printf (printf.c:33)
==32576==    by 0x1087F6: main (main.c:8)
==32576== 
==32576== Use of uninitialised value of size 8
==32576==    at 0x5091430: __mpn_rshift (rshift.S:108)
==32576==    by 0x509F3C3: __printf_fp_l (printf_fp.c:804)
==32576==    by 0x509AA06: vfprintf (vfprintf.c:1642)
==32576==    by 0x509C67F: buffered_vfprintf (vfprintf.c:2329)
==32576==    by 0x5099725: vfprintf (vfprintf.c:1301)
==32576==    by 0x50A2F25: printf (printf.c:33)
==32576==    by 0x1087F6: main (main.c:8)
==32576== 
==32576== Use of uninitialised value of size 8
==32576==    at 0x509C989: hack_digit (printf_fp.c:174)
==32576==    by 0x509D88B: __printf_fp_l (printf_fp.c:938)
==32576==    by 0x509AA06: vfprintf (vfprintf.c:1642)
==32576==    by 0x509C67F: buffered_vfprintf (vfprintf.c:2329)
==32576==    by 0x5099725: vfprintf (vfprintf.c:1301)
==32576==    by 0x50A2F25: printf (printf.c:33)
==32576==    by 0x1087F6: main (main.c:8)
==32576== 
==32576== Use of uninitialised value of size 8
==32576==    at 0x50918C4: __mpn_mul_1 (mul_1.S:36)
==32576==    by 0x509C990: hack_digit (printf_fp.c:175)
==32576==    by 0x509D88B: __printf_fp_l (printf_fp.c:938)
==32576==    by 0x509AA06: vfprintf (vfprintf.c:1642)
==32576==    by 0x509C67F: buffered_vfprintf (vfprintf.c:2329)
==32576==    by 0x5099725: vfprintf (vfprintf.c:1301)
==32576==    by 0x50A2F25: printf (printf.c:33)
==32576==    by 0x1087F6: main (main.c:8)
==32576== 
==32576== Use of uninitialised value of size 8
==32576==    at 0x509194F: __mpn_mul_1 (mul_1.S:85)
==32576==    by 0x509C990: hack_digit (printf_fp.c:175)
==32576==    by 0x509D88B: __printf_fp_l (printf_fp.c:938)
==32576==    by 0x509AA06: vfprintf (vfprintf.c:1642)
==32576==    by 0x509C67F: buffered_vfprintf (vfprintf.c:2329)
==32576==    by 0x5099725: vfprintf (vfprintf.c:1301)
==32576==    by 0x50A2F25: printf (printf.c:33)
==32576==    by 0x1087F6: main (main.c:8)
==32576== 
==32576== Use of uninitialised value of size 8
==32576==    at 0x50919C2: __mpn_mul_1 (mul_1.S:117)
==32576==    by 0x509C990: hack_digit (printf_fp.c:175)
==32576==    by 0x509D88B: __printf_fp_l (printf_fp.c:938)
==32576==    by 0x509AA06: vfprintf (vfprintf.c:1642)
==32576==    by 0x509C67F: buffered_vfprintf (vfprintf.c:2329)
==32576==    by 0x5099725: vfprintf (vfprintf.c:1301)
==32576==    by 0x50A2F25: printf (printf.c:33)
==32576==    by 0x1087F6: main (main.c:8)
==32576== 
==32576== Use of uninitialised value of size 8
==32576==    at 0x509DAD9: hack_digit (printf_fp.c:174)
==32576==    by 0x509DAD9: __printf_fp_l (printf_fp.c:962)
==32576==    by 0x509AA06: vfprintf (vfprintf.c:1642)
==32576==    by 0x509C67F: buffered_vfprintf (vfprintf.c:2329)
==32576==    by 0x5099725: vfprintf (vfprintf.c:1301)
==32576==    by 0x50A2F25: printf (printf.c:33)
==32576==    by 0x1087F6: main (main.c:8)
==32576== 
==32576== Use of uninitialised value of size 8
==32576==    at 0x50918C4: __mpn_mul_1 (mul_1.S:36)
==32576==    by 0x509DAE7: hack_digit (printf_fp.c:175)
==32576==    by 0x509DAE7: __printf_fp_l (printf_fp.c:962)
==32576==    by 0x509AA06: vfprintf (vfprintf.c:1642)
==32576==    by 0x509C67F: buffered_vfprintf (vfprintf.c:2329)
==32576==    by 0x5099725: vfprintf (vfprintf.c:1301)
==32576==    by 0x50A2F25: printf (printf.c:33)
==32576==    by 0x1087F6: main (main.c:8)
==32576== 
==32576== Use of uninitialised value of size 8
==32576==    at 0x509194F: __mpn_mul_1 (mul_1.S:85)
==32576==    by 0x509DAE7: hack_digit (printf_fp.c:175)
==32576==    by 0x509DAE7: __printf_fp_l (printf_fp.c:962)
==32576==    by 0x509AA06: vfprintf (vfprintf.c:1642)
==32576==    by 0x509C67F: buffered_vfprintf (vfprintf.c:2329)
==32576==    by 0x5099725: vfprintf (vfprintf.c:1301)
==32576==    by 0x50A2F25: printf (printf.c:33)
==32576==    by 0x1087F6: main (main.c:8)
==32576== 
==32576== Use of uninitialised value of size 8
==32576==    at 0x50919C2: __mpn_mul_1 (mul_1.S:117)
==32576==    by 0x509DAE7: hack_digit (printf_fp.c:175)
==32576==    by 0x509DAE7: __printf_fp_l (printf_fp.c:962)
==32576==    by 0x509AA06: vfprintf (vfprintf.c:1642)
==32576==    by 0x509C67F: buffered_vfprintf (vfprintf.c:2329)
==32576==    by 0x5099725: vfprintf (vfprintf.c:1301)
==32576==    by 0x50A2F25: printf (printf.c:33)
==32576==    by 0x1087F6: main (main.c:8)
==32576== 
==32576== Conditional jump or move depends on uninitialised value(s)
==32576==    at 0x509DB1D: __printf_fp_l (printf_fp.c:974)
==32576==    by 0x509AA06: vfprintf (vfprintf.c:1642)
==32576==    by 0x509C67F: buffered_vfprintf (vfprintf.c:2329)
==32576==    by 0x5099725: vfprintf (vfprintf.c:1301)
==32576==    by 0x50A2F25: printf (printf.c:33)
==32576==    by 0x1087F6: main (main.c:8)
==32576== 
==32576== Use of uninitialised value of size 8
==32576==    at 0x509C989: hack_digit (printf_fp.c:174)
==32576==    by 0x509DB2F: __printf_fp_l (printf_fp.c:975)
==32576==    by 0x509AA06: vfprintf (vfprintf.c:1642)
==32576==    by 0x509C67F: buffered_vfprintf (vfprintf.c:2329)
==32576==    by 0x5099725: vfprintf (vfprintf.c:1301)
==32576==    by 0x50A2F25: printf (printf.c:33)
==32576==    by 0x1087F6: main (main.c:8)
==32576== 
==32576== Use of uninitialised value of size 8
==32576==    at 0x50918C4: __mpn_mul_1 (mul_1.S:36)
==32576==    by 0x509C990: hack_digit (printf_fp.c:175)
==32576==    by 0x509DB2F: __printf_fp_l (printf_fp.c:975)
==32576==    by 0x509AA06: vfprintf (vfprintf.c:1642)
==32576==    by 0x509C67F: buffered_vfprintf (vfprintf.c:2329)
==32576==    by 0x5099725: vfprintf (vfprintf.c:1301)
==32576==    by 0x50A2F25: printf (printf.c:33)
==32576==    by 0x1087F6: main (main.c:8)
==32576== 
==32576== Use of uninitialised value of size 8
==32576==    at 0x509194F: __mpn_mul_1 (mul_1.S:85)
==32576==    by 0x509C990: hack_digit (printf_fp.c:175)
==32576==    by 0x509DB2F: __printf_fp_l (printf_fp.c:975)
==32576==    by 0x509AA06: vfprintf (vfprintf.c:1642)
==32576==    by 0x509C67F: buffered_vfprintf (vfprintf.c:2329)
==32576==    by 0x5099725: vfprintf (vfprintf.c:1301)
==32576==    by 0x50A2F25: printf (printf.c:33)
==32576==    by 0x1087F6: main (main.c:8)
==32576== 
==32576== Use of uninitialised value of size 8
==32576==    at 0x50919C2: __mpn_mul_1 (mul_1.S:117)
==32576==    by 0x509C990: hack_digit (printf_fp.c:175)
==32576==    by 0x509DB2F: __printf_fp_l (printf_fp.c:975)
==32576==    by 0x509AA06: vfprintf (vfprintf.c:1642)
==32576==    by 0x509C67F: buffered_vfprintf (vfprintf.c:2329)
==32576==    by 0x5099725: vfprintf (vfprintf.c:1301)
==32576==    by 0x50A2F25: printf (printf.c:33)
==32576==    by 0x1087F6: main (main.c:8)
==32576== 
==32576== Conditional jump or move depends on uninitialised value(s)
==32576==    at 0x509DB3E: __printf_fp_l (printf_fp.c:977)
==32576==    by 0x509AA06: vfprintf (vfprintf.c:1642)
==32576==    by 0x509C67F: buffered_vfprintf (vfprintf.c:2329)
==32576==    by 0x5099725: vfprintf (vfprintf.c:1301)
==32576==    by 0x50A2F25: printf (printf.c:33)
==32576==    by 0x1087F6: main (main.c:8)
==32576== 
==32576== Use of uninitialised value of size 8
==32576==    at 0x509EC37: __printf_fp_l (printf_fp.c:987)
==32576==    by 0x509AA06: vfprintf (vfprintf.c:1642)
==32576==    by 0x509C67F: buffered_vfprintf (vfprintf.c:2329)
==32576==    by 0x5099725: vfprintf (vfprintf.c:1301)
==32576==    by 0x50A2F25: printf (printf.c:33)
==32576==    by 0x1087F6: main (main.c:8)
==32576== 
==32576== Conditional jump or move depends on uninitialised value(s)
==32576==    at 0x509EC3D: __printf_fp_l (printf_fp.c:987)
==32576==    by 0x509AA06: vfprintf (vfprintf.c:1642)
==32576==    by 0x509C67F: buffered_vfprintf (vfprintf.c:2329)
==32576==    by 0x5099725: vfprintf (vfprintf.c:1301)
==32576==    by 0x50A2F25: printf (printf.c:33)
==32576==    by 0x1087F6: main (main.c:8)
==32576== 
==32576== Conditional jump or move depends on uninitialised value(s)
==32576==    at 0x509E2CC: round_away (rounding-mode.h:52)
==32576==    by 0x509E2CC: __printf_fp_l (printf_fp.c:994)
==32576==    by 0x509AA06: vfprintf (vfprintf.c:1642)
==32576==    by 0x509C67F: buffered_vfprintf (vfprintf.c:2329)
==32576==    by 0x5099725: vfprintf (vfprintf.c:1301)
==32576==    by 0x50A2F25: printf (printf.c:33)
==32576==    by 0x1087F6: main (main.c:8)
==32576== 
==32576== Conditional jump or move depends on uninitialised value(s)
==32576==    at 0x509DBBB: __printf_fp_l (printf_fp.c:1093)
==32576==    by 0x509AA06: vfprintf (vfprintf.c:1642)
==32576==    by 0x509C67F: buffered_vfprintf (vfprintf.c:2329)
==32576==    by 0x5099725: vfprintf (vfprintf.c:1301)
==32576==    by 0x50A2F25: printf (printf.c:33)
==32576==    by 0x1087F6: main (main.c:8)
==32576== 
==32576== Conditional jump or move depends on uninitialised value(s)
==32576==    at 0x509DCB1: __printf_fp_l (printf_fp.c:1162)
==32576==    by 0x509AA06: vfprintf (vfprintf.c:1642)
==32576==    by 0x509C67F: buffered_vfprintf (vfprintf.c:2329)
==32576==    by 0x5099725: vfprintf (vfprintf.c:1301)
==32576==    by 0x50A2F25: printf (printf.c:33)
==32576==    by 0x1087F6: main (main.c:8)
==32576== 
==32576== Conditional jump or move depends on uninitialised value(s)
==32576==    at 0x509DDA4: __printf_fp_l (printf_fp.c:1169)
==32576==    by 0x509AA06: vfprintf (vfprintf.c:1642)
==32576==    by 0x509C67F: buffered_vfprintf (vfprintf.c:2329)
==32576==    by 0x5099725: vfprintf (vfprintf.c:1301)
==32576==    by 0x50A2F25: printf (printf.c:33)
==32576==    by 0x1087F6: main (main.c:8)
==32576== 
==32576== Conditional jump or move depends on uninitialised value(s)
==32576==    at 0x509E89A: __printf_fp_l (printf_fp.c:1225)
==32576==    by 0x509AA06: vfprintf (vfprintf.c:1642)
==32576==    by 0x509C67F: buffered_vfprintf (vfprintf.c:2329)
==32576==    by 0x5099725: vfprintf (vfprintf.c:1301)
==32576==    by 0x50A2F25: printf (printf.c:33)
==32576==    by 0x1087F6: main (main.c:8)
==32576== 
==32576== Conditional jump or move depends on uninitialised value(s)
==32576==    at 0x509E87B: __printf_fp_l (printf_fp.c:1227)
==32576==    by 0x509AA06: vfprintf (vfprintf.c:1642)
==32576==    by 0x509C67F: buffered_vfprintf (vfprintf.c:2329)
==32576==    by 0x5099725: vfprintf (vfprintf.c:1301)
==32576==    by 0x50A2F25: printf (printf.c:33)
==32576==    by 0x1087F6: main (main.c:8)
==32576== 
==32576== Conditional jump or move depends on uninitialised value(s)
==32576==    at 0x5092A35: __mpn_extract_double (dbl2mpn.c:60)
==32576==    by 0x509D208: __printf_fp_l (printf_fp.c:392)
==32576==    by 0x509AA06: vfprintf (vfprintf.c:1642)
==32576==    by 0x509C67F: buffered_vfprintf (vfprintf.c:2329)
==32576==    by 0x5099725: vfprintf (vfprintf.c:1301)
==32576==    by 0x50A2F25: printf (printf.c:33)
==32576==    by 0x1087F6: main (main.c:8)
==32576== 
==32576== Conditional jump or move depends on uninitialised value(s)
==32576==    at 0x509EC58: __printf_fp_l (printf_fp.c:987)
==32576==    by 0x509AA06: vfprintf (vfprintf.c:1642)
==32576==    by 0x509C67F: buffered_vfprintf (vfprintf.c:2329)
==32576==    by 0x5099725: vfprintf (vfprintf.c:1301)
==32576==    by 0x50A2F25: printf (printf.c:33)
==32576==    by 0x1087F6: main (main.c:8)
==32576== 
==32576== Syscall param write(buf) points to uninitialised byte(s)
==32576==    at 0x514E154: write (write.c:27)
==32576==    by 0x50C91BC: _IO_file_write@@GLIBC_2.2.5 (fileops.c:1203)
==32576==    by 0x50C9B2E: new_do_write (fileops.c:457)
==32576==    by 0x50C9B2E: _IO_file_xsputn@@GLIBC_2.2.5 (fileops.c:1277)
==32576==    by 0x509C706: buffered_vfprintf (vfprintf.c:2350)
==32576==    by 0x5099725: vfprintf (vfprintf.c:1301)
==32576==    by 0x50A2F25: printf (printf.c:33)
==32576==    by 0x1087F6: main (main.c:8)
==32576==  Address 0x1ffeffe279 is on thread 1's stack
==32576==  in frame #3, created by buffered_vfprintf (vfprintf.c:2296)
==32576== 
==32576== 
==32576== Process terminating with default action of signal 1 (SIGHUP)
==32576==    at 0x514E152: write (write.c:27)
==32576==    by 0x50C91BC: _IO_file_write@@GLIBC_2.2.5 (fileops.c:1203)
==32576==    by 0x50C9B2E: new_do_write (fileops.c:457)
==32576==    by 0x50C9B2E: _IO_file_xsputn@@GLIBC_2.2.5 (fileops.c:1277)
==32576==    by 0x509C706: buffered_vfprintf (vfprintf.c:2350)
==32576==    by 0x5099725: vfprintf (vfprintf.c:1301)
==32576==    by 0x50A2F25: printf (printf.c:33)
==32576==    by 0x1087F6: main (main.c:8)
==32576== 
==32576== HEAP SUMMARY:
==32576==     in use at exit: 0 bytes in 0 blocks
==32576==   total heap usage: 1 allocs, 1 frees, 1,024 bytes allocated
==32576== 
==32576== All heap blocks were freed -- no leaks are possible
==32576== 
==32576== For counts of detected and suppressed errors, rerun with: -v
==32576== Use --track-origins=yes to see where uninitialised values come from
==32576== ERROR SUMMARY: 161 errors from 74 contexts (suppressed: 0 from 0)
