==21945== Memcheck, a memory error detector
==21945== Copyright (C) 2002-2017, and GNU GPL'd, by Julian Seward et al.
==21945== Using Valgrind-3.13.0 and LibVEX; rerun with -h for copyright info
==21945== Command: /rhome/l/lbuturovic1/workspace/OR/P1/Z3/.runme
==21945== Parent PID: 21931
==21945== 
==21945== Conditional jump or move depends on uninitialised value(s)
==21945==    at 0x108942: main (main.c:26)
==21945== 
==21945== Conditional jump or move depends on uninitialised value(s)
==21945==    at 0x1089E2: main (main.c:32)
==21945== 
==21945== Conditional jump or move depends on uninitialised value(s)
==21945==    at 0x108A39: main (main.c:38)
==21945== 
==21945== Conditional jump or move depends on uninitialised value(s)
==21945==    at 0x108AA1: main (main.c:44)
==21945== 
==21945== Conditional jump or move depends on uninitialised value(s)
==21945==    at 0x108B2C: main (main.c:50)
==21945== 
==21945== Conditional jump or move depends on uninitialised value(s)
==21945==    at 0x108B3D: main (main.c:50)
==21945== 
==21945== 
==21945== HEAP SUMMARY:
==21945==     in use at exit: 0 bytes in 0 blocks
==21945==   total heap usage: 1 allocs, 1 frees, 1,024 bytes allocated
==21945== 
==21945== All heap blocks were freed -- no leaks are possible
==21945== 
==21945== For counts of detected and suppressed errors, rerun with: -v
==21945== Use --track-origins=yes to see where uninitialised values come from
==21945== ERROR SUMMARY: 6 errors from 6 contexts (suppressed: 0 from 0)
