==2651== Memcheck, a memory error detector
==2651== Copyright (C) 2002-2017, and GNU GPL'd, by Julian Seward et al.
==2651== Using Valgrind-3.13.0 and LibVEX; rerun with -h for copyright info
==2651== Command: /rhome/l/lbuturovic1/workspace/OR/Z1/Z1/.runme
==2651== Parent PID: 2634
==2651== 
==2651== 
==2651== Process terminating with default action of signal 1 (SIGHUP)
==2651==    at 0x514E081: read (read.c:27)
==2651==    by 0x50CB147: _IO_file_underflow@@GLIBC_2.2.5 (fileops.c:531)
==2651==    by 0x50CC3F1: _IO_default_uflow (genops.c:380)
==2651==    by 0x50A9BE9: _IO_vfscanf (vfscanf.c:630)
==2651==    by 0x50B9FD7: __isoc99_scanf (isoc99_scanf.c:37)
==2651==    by 0x1087C5: main (main.c:9)
==2651== 
==2651== HEAP SUMMARY:
==2651==     in use at exit: 0 bytes in 0 blocks
==2651==   total heap usage: 1 allocs, 1 frees, 1,024 bytes allocated
==2651== 
==2651== All heap blocks were freed -- no leaks are possible
==2651== 
==2651== For counts of detected and suppressed errors, rerun with: -v
==2651== ERROR SUMMARY: 0 errors from 0 contexts (suppressed: 0 from 0)
