==27677== Memcheck, a memory error detector
==27677== Copyright (C) 2002-2017, and GNU GPL'd, by Julian Seward et al.
==27677== Using Valgrind-3.13.0 and LibVEX; rerun with -h for copyright info
==27677== Command: /rhome/l/lbuturovic1/workspace/OR/T8/Z4/.runme
==27677== Parent PID: 27663
==27677== 
==27677== 
==27677== Process terminating with default action of signal 1 (SIGHUP)
==27677==    at 0x514E081: read (read.c:27)
==27677==    by 0x50CB147: _IO_file_underflow@@GLIBC_2.2.5 (fileops.c:531)
==27677==    by 0x50CC3F1: _IO_default_uflow (genops.c:380)
==27677==    by 0x50A9BE9: _IO_vfscanf (vfscanf.c:630)
==27677==    by 0x50B9FD7: __isoc99_scanf (isoc99_scanf.c:37)
==27677==    by 0x10886E: main (main.c:41)
==27677== 
==27677== HEAP SUMMARY:
==27677==     in use at exit: 0 bytes in 0 blocks
==27677==   total heap usage: 1 allocs, 1 frees, 1,024 bytes allocated
==27677== 
==27677== All heap blocks were freed -- no leaks are possible
==27677== 
==27677== For counts of detected and suppressed errors, rerun with: -v
==27677== ERROR SUMMARY: 0 errors from 0 contexts (suppressed: 0 from 0)
