==14217== Memcheck, a memory error detector
==14217== Copyright (C) 2002-2017, and GNU GPL'd, by Julian Seward et al.
==14217== Using Valgrind-3.13.0 and LibVEX; rerun with -h for copyright info
==14217== Command: /rhome/l/lbuturovic1/workspace/OR/Z3/Z1/.runme
==14217== Parent PID: 14213
==14217== 
==14217== 
==14217== Process terminating with default action of signal 15 (SIGTERM)
==14217==    at 0x54EC081: read (read.c:27)
==14217==    by 0x5469147: _IO_file_underflow@@GLIBC_2.2.5 (fileops.c:531)
==14217==    by 0x546A3F1: _IO_default_uflow (genops.c:380)
==14217==    by 0x5447BE9: _IO_vfscanf (vfscanf.c:630)
==14217==    by 0x5457FD7: __isoc99_scanf (isoc99_scanf.c:37)
==14217==    by 0x108AE9: main (main.c:47)
==14217== 
==14217== HEAP SUMMARY:
==14217==     in use at exit: 0 bytes in 0 blocks
==14217==   total heap usage: 1 allocs, 1 frees, 1,024 bytes allocated
==14217== 
==14217== All heap blocks were freed -- no leaks are possible
==14217== 
==14217== For counts of detected and suppressed errors, rerun with: -v
==14217== ERROR SUMMARY: 0 errors from 0 contexts (suppressed: 0 from 0)
