==32206== Memcheck, a memory error detector
==32206== Copyright (C) 2002-2017, and GNU GPL'd, by Julian Seward et al.
==32206== Using Valgrind-3.13.0 and LibVEX; rerun with -h for copyright info
==32206== Command: /rhome/l/lbuturovic1/workspace/OR/T1/Z5/.runme
==32206== Parent PID: 32192
==32206== 
==32206== 
==32206== Process terminating with default action of signal 1 (SIGHUP)
==32206==    at 0x514E081: read (read.c:27)
==32206==    by 0x50CB147: _IO_file_underflow@@GLIBC_2.2.5 (fileops.c:531)
==32206==    by 0x50CC3F1: _IO_default_uflow (genops.c:380)
==32206==    by 0x50A9BE9: _IO_vfscanf (vfscanf.c:630)
==32206==    by 0x50B9FD7: __isoc99_scanf (isoc99_scanf.c:37)
==32206==    by 0x1087A8: main (main.c:6)
==32206== 
==32206== HEAP SUMMARY:
==32206==     in use at exit: 0 bytes in 0 blocks
==32206==   total heap usage: 1 allocs, 1 frees, 1,024 bytes allocated
==32206== 
==32206== All heap blocks were freed -- no leaks are possible
==32206== 
==32206== For counts of detected and suppressed errors, rerun with: -v
==32206== ERROR SUMMARY: 0 errors from 0 contexts (suppressed: 0 from 0)
