==3746== Memcheck, a memory error detector
==3746== Copyright (C) 2002-2017, and GNU GPL'd, by Julian Seward et al.
==3746== Using Valgrind-3.13.0 and LibVEX; rerun with -h for copyright info
==3746== Command: /rhome/l/lbuturovic1/workspace/OR/ZSR9/Z7/.runme
==3746== Parent PID: 3726
==3746== 
==3746== 
==3746== Process terminating with default action of signal 1 (SIGHUP)
==3746==    at 0x514E081: read (read.c:27)
==3746==    by 0x50CB147: _IO_file_underflow@@GLIBC_2.2.5 (fileops.c:531)
==3746==    by 0x50CC3F1: _IO_default_uflow (genops.c:380)
==3746==    by 0x10870D: unesi (main.c:4)
==3746==    by 0x108940: main (main.c:82)
==3746== 
==3746== HEAP SUMMARY:
==3746==     in use at exit: 0 bytes in 0 blocks
==3746==   total heap usage: 1 allocs, 1 frees, 1,024 bytes allocated
==3746== 
==3746== All heap blocks were freed -- no leaks are possible
==3746== 
==3746== For counts of detected and suppressed errors, rerun with: -v
==3746== ERROR SUMMARY: 0 errors from 0 contexts (suppressed: 0 from 0)
