==3634== Memcheck, a memory error detector
==3634== Copyright (C) 2002-2017, and GNU GPL'd, by Julian Seward et al.
==3634== Using Valgrind-3.13.0 and LibVEX; rerun with -h for copyright info
==3634== Command: /rhome/l/lbuturovic1/workspace/OR/T13/Z3/.runme
==3634== Parent PID: 3620
==3634== 
==3634== 
==3634== Process terminating with default action of signal 1 (SIGHUP)
==3634==    at 0x514E081: read (read.c:27)
==3634==    by 0x50CB147: _IO_file_underflow@@GLIBC_2.2.5 (fileops.c:531)
==3634==    by 0x50CC3F1: _IO_default_uflow (genops.c:380)
==3634==    by 0x50A9BE9: _IO_vfscanf (vfscanf.c:630)
==3634==    by 0x50B9FD7: __isoc99_scanf (isoc99_scanf.c:37)
==3634==    by 0x108F17: main (main.c:91)
==3634== 
==3634== HEAP SUMMARY:
==3634==     in use at exit: 0 bytes in 0 blocks
==3634==   total heap usage: 3 allocs, 3 frees, 2,128 bytes allocated
==3634== 
==3634== All heap blocks were freed -- no leaks are possible
==3634== 
==3634== For counts of detected and suppressed errors, rerun with: -v
==3634== ERROR SUMMARY: 0 errors from 0 contexts (suppressed: 0 from 0)
