==14775== Memcheck, a memory error detector
==14775== Copyright (C) 2002-2017, and GNU GPL'd, by Julian Seward et al.
==14775== Using Valgrind-3.13.0 and LibVEX; rerun with -h for copyright info
==14775== Command: /rhome/l/lbuturovic1/workspace/OR/T11/Z6/.runme
==14775== Parent PID: 14760
==14775== 
==14775== 
==14775== Process terminating with default action of signal 1 (SIGHUP)
==14775==    at 0x514E081: read (read.c:27)
==14775==    by 0x50CB147: _IO_file_underflow@@GLIBC_2.2.5 (fileops.c:531)
==14775==    by 0x50CC3F1: _IO_default_uflow (genops.c:380)
==14775==    by 0x50A9BE9: _IO_vfscanf (vfscanf.c:630)
==14775==    by 0x50B9FD7: __isoc99_scanf (isoc99_scanf.c:37)
==14775==    by 0x1089B8: main (main.c:39)
==14775== 
==14775== HEAP SUMMARY:
==14775==     in use at exit: 0 bytes in 0 blocks
==14775==   total heap usage: 1 allocs, 1 frees, 1,024 bytes allocated
==14775== 
==14775== All heap blocks were freed -- no leaks are possible
==14775== 
==14775== For counts of detected and suppressed errors, rerun with: -v
==14775== ERROR SUMMARY: 0 errors from 0 contexts (suppressed: 0 from 0)
