==19160== Memcheck, a memory error detector
==19160== Copyright (C) 2002-2017, and GNU GPL'd, by Julian Seward et al.
==19160== Using Valgrind-3.13.0 and LibVEX; rerun with -h for copyright info
==19160== Command: /rhome/l/lbuturovic1/workspace/OR/T11/Z4/.runme
==19160== Parent PID: 19144
==19160== 
==19160== 
==19160== Process terminating with default action of signal 1 (SIGHUP)
==19160==    at 0x514E152: write (write.c:27)
==19160==    by 0x50C91BC: _IO_file_write@@GLIBC_2.2.5 (fileops.c:1203)
==19160==    by 0x50C9B2E: new_do_write (fileops.c:457)
==19160==    by 0x50C9B2E: _IO_file_xsputn@@GLIBC_2.2.5 (fileops.c:1277)
==19160==    by 0x509C706: buffered_vfprintf (vfprintf.c:2350)
==19160==    by 0x5099725: vfprintf (vfprintf.c:1301)
==19160==    by 0x50A2F25: printf (printf.c:33)
==19160==    by 0x10882D: main (main.c:24)
==19160== 
==19160== HEAP SUMMARY:
==19160==     in use at exit: 0 bytes in 0 blocks
==19160==   total heap usage: 1 allocs, 1 frees, 1,024 bytes allocated
==19160== 
==19160== All heap blocks were freed -- no leaks are possible
==19160== 
==19160== For counts of detected and suppressed errors, rerun with: -v
==19160== ERROR SUMMARY: 0 errors from 0 contexts (suppressed: 0 from 0)
