==23786== Memcheck, a memory error detector
==23786== Copyright (C) 2002-2017, and GNU GPL'd, by Julian Seward et al.
==23786== Using Valgrind-3.13.0 and LibVEX; rerun with -h for copyright info
==23786== Command: /rhome/l/lbuturovic1/workspace/OR/P1/Z14/.runme
==23786== Parent PID: 23773
==23786== 
==23786== Conditional jump or move depends on uninitialised value(s)
==23786==    at 0x1089BC: zamijeni_min_max (main.c:40)
==23786==    by 0x108BCB: main (main.c:236)
==23786== 
==23786== Invalid write of size 1
==23786==    at 0x108B1F: zamijeni_min_max (main.c:135)
==23786==    by 0x108BCB: main (main.c:236)
==23786==  Address 0x542f492 is 0 bytes after a block of size 18 alloc'd
==23786==    at 0x4C2FB0F: malloc (in /usr/lib/valgrind/vgpreload_memcheck-amd64-linux.so)
==23786==    by 0x108A18: zamijeni_min_max (main.c:82)
==23786==    by 0x108BCB: main (main.c:236)
==23786== 
==23786== Invalid read of size 1
==23786==    at 0x108B5F: zamijeni_min_max (main.c:138)
==23786==    by 0x108BCB: main (main.c:236)
==23786==  Address 0x542f492 is 0 bytes after a block of size 18 alloc'd
==23786==    at 0x4C2FB0F: malloc (in /usr/lib/valgrind/vgpreload_memcheck-amd64-linux.so)
==23786==    by 0x108A18: zamijeni_min_max (main.c:82)
==23786==    by 0x108BCB: main (main.c:236)
==23786== 
==23786== 
==23786== HEAP SUMMARY:
==23786==     in use at exit: 0 bytes in 0 blocks
==23786==   total heap usage: 2 allocs, 2 frees, 1,042 bytes allocated
==23786== 
==23786== All heap blocks were freed -- no leaks are possible
==23786== 
==23786== For counts of detected and suppressed errors, rerun with: -v
==23786== Use --track-origins=yes to see where uninitialised values come from
==23786== ERROR SUMMARY: 3 errors from 3 contexts (suppressed: 0 from 0)
