==28215== Memcheck, a memory error detector
==28215== Copyright (C) 2002-2017, and GNU GPL'd, by Julian Seward et al.
==28215== Using Valgrind-3.13.0 and LibVEX; rerun with -h for copyright info
==28215== Command: /rhome/l/lbuturovic1/workspace/OR/ZSR9/Z4/.runme
==28215== Parent PID: 28202
==28215== 
==28215== 
==28215== Process terminating with default action of signal 1 (SIGHUP)
==28215==    at 0x514E07F: read (read.c:27)
==28215==    by 0x50CB147: _IO_file_underflow@@GLIBC_2.2.5 (fileops.c:531)
==28215==    by 0x50CC3F1: _IO_default_uflow (genops.c:380)
==28215==    by 0x108743: unesi (main.c:10)
==28215==    by 0x1088D8: main (main.c:81)
==28215== 
==28215== HEAP SUMMARY:
==28215==     in use at exit: 0 bytes in 0 blocks
==28215==   total heap usage: 1 allocs, 1 frees, 1,024 bytes allocated
==28215== 
==28215== All heap blocks were freed -- no leaks are possible
==28215== 
==28215== For counts of detected and suppressed errors, rerun with: -v
==28215== ERROR SUMMARY: 0 errors from 0 contexts (suppressed: 0 from 0)
