==3136== Memcheck, a memory error detector
==3136== Copyright (C) 2002-2017, and GNU GPL'd, by Julian Seward et al.
==3136== Using Valgrind-3.13.0 and LibVEX; rerun with -h for copyright info
==3136== Command: /rhome/l/lbuturovic1/workspace/OR/Z3/Z3/.runme
==3136== Parent PID: 3122
==3136== 
==3136== Conditional jump or move depends on uninitialised value(s)
==3136==    at 0x10884A: main (main.c:31)
==3136== 
==3136== Conditional jump or move depends on uninitialised value(s)
==3136==    at 0x10885B: main (main.c:32)
==3136== 
==3136== Conditional jump or move depends on uninitialised value(s)
==3136==    at 0x10886C: main (main.c:33)
==3136== 
==3136== 
==3136== Process terminating with default action of signal 1 (SIGHUP)
==3136==    at 0x514E152: write (write.c:27)
==3136==    by 0x50C91BC: _IO_file_write@@GLIBC_2.2.5 (fileops.c:1203)
==3136==    by 0x50C9B2E: new_do_write (fileops.c:457)
==3136==    by 0x50C9B2E: _IO_file_xsputn@@GLIBC_2.2.5 (fileops.c:1277)
==3136==    by 0x50BEA8E: puts (ioputs.c:40)
==3136==    by 0x10888C: main (main.c:38)
==3136== 
==3136== HEAP SUMMARY:
==3136==     in use at exit: 0 bytes in 0 blocks
==3136==   total heap usage: 1 allocs, 1 frees, 1,024 bytes allocated
==3136== 
==3136== All heap blocks were freed -- no leaks are possible
==3136== 
==3136== For counts of detected and suppressed errors, rerun with: -v
==3136== Use --track-origins=yes to see where uninitialised values come from
==3136== ERROR SUMMARY: 3 errors from 3 contexts (suppressed: 0 from 0)
