==20675== Memcheck, a memory error detector
==20675== Copyright (C) 2002-2017, and GNU GPL'd, by Julian Seward et al.
==20675== Using Valgrind-3.13.0 and LibVEX; rerun with -h for copyright info
==20675== Command: /rhome/l/lbuturovic1/workspace/OR/T12/Z3/.runme
==20675== Parent PID: 20661
==20675== 
==20675== 
==20675== Process terminating with default action of signal 1 (SIGHUP)
==20675==    at 0x514E07F: read (read.c:27)
==20675==    by 0x50CB147: _IO_file_underflow@@GLIBC_2.2.5 (fileops.c:531)
==20675==    by 0x50CC3F1: _IO_default_uflow (genops.c:380)
==20675==    by 0x50A9BE9: _IO_vfscanf (vfscanf.c:630)
==20675==    by 0x50BA2E5: __isoc99_fscanf (isoc99_fscanf.c:34)
==20675==    by 0x1088D7: main (main.c:15)
==20675== 
==20675== HEAP SUMMARY:
==20675==     in use at exit: 552 bytes in 1 blocks
==20675==   total heap usage: 3 allocs, 2 frees, 9,768 bytes allocated
==20675== 
==20675== LEAK SUMMARY:
==20675==    definitely lost: 0 bytes in 0 blocks
==20675==    indirectly lost: 0 bytes in 0 blocks
==20675==      possibly lost: 0 bytes in 0 blocks
==20675==    still reachable: 552 bytes in 1 blocks
==20675==         suppressed: 0 bytes in 0 blocks
==20675== Reachable blocks (those to which a pointer was found) are not shown.
==20675== To see them, rerun with: --leak-check=full --show-leak-kinds=all
==20675== 
==20675== For counts of detected and suppressed errors, rerun with: -v
==20675== ERROR SUMMARY: 0 errors from 0 contexts (suppressed: 0 from 0)
