==2654== Memcheck, a memory error detector
==2654== Copyright (C) 2002-2017, and GNU GPL'd, by Julian Seward et al.
==2654== Using Valgrind-3.13.0 and LibVEX; rerun with -h for copyright info
==2654== Command: /rhome/l/lbuturovic1/workspace/OR/P1/Z17/.runme
==2654== Parent PID: 2647
==2654== 
==2654== 
==2654== Process terminating with default action of signal 1 (SIGHUP)
==2654==    at 0x54EC081: read (read.c:27)
==2654==    by 0x5469147: _IO_file_underflow@@GLIBC_2.2.5 (fileops.c:531)
==2654==    by 0x546A3F1: _IO_default_uflow (genops.c:380)
==2654==    by 0x10877D: unesi (main.c:5)
==2654==    by 0x108B4F: main (main.c:144)
==2654== 
==2654== HEAP SUMMARY:
==2654==     in use at exit: 0 bytes in 0 blocks
==2654==   total heap usage: 1 allocs, 1 frees, 1,024 bytes allocated
==2654== 
==2654== All heap blocks were freed -- no leaks are possible
==2654== 
==2654== For counts of detected and suppressed errors, rerun with: -v
==2654== ERROR SUMMARY: 0 errors from 0 contexts (suppressed: 0 from 0)
