==9362== Memcheck, a memory error detector
==9362== Copyright (C) 2002-2017, and GNU GPL'd, by Julian Seward et al.
==9362== Using Valgrind-3.13.0 and LibVEX; rerun with -h for copyright info
==9362== Command: /rhome/l/lbuturovic1/workspace/OR/T2/Z5/.runme
==9362== Parent PID: 9347
==9362== 
==9362== 
==9362== Process terminating with default action of signal 1 (SIGHUP)
==9362==    at 0x514E081: read (read.c:27)
==9362==    by 0x50CB147: _IO_file_underflow@@GLIBC_2.2.5 (fileops.c:531)
==9362==    by 0x50CC3F1: _IO_default_uflow (genops.c:380)
==9362==    by 0x50A9BE9: _IO_vfscanf (vfscanf.c:630)
==9362==    by 0x50B9FD7: __isoc99_scanf (isoc99_scanf.c:37)
==9362==    by 0x108761: main (main.c:6)
==9362== 
==9362== HEAP SUMMARY:
==9362==     in use at exit: 0 bytes in 0 blocks
==9362==   total heap usage: 1 allocs, 1 frees, 1,024 bytes allocated
==9362== 
==9362== All heap blocks were freed -- no leaks are possible
==9362== 
==9362== For counts of detected and suppressed errors, rerun with: -v
==9362== ERROR SUMMARY: 0 errors from 0 contexts (suppressed: 0 from 0)
