==22414== Memcheck, a memory error detector
==22414== Copyright (C) 2002-2017, and GNU GPL'd, by Julian Seward et al.
==22414== Using Valgrind-3.13.0 and LibVEX; rerun with -h for copyright info
==22414== Command: /rhome/l/lbuturovic1/workspace/OR/T8/Z5/.runme
==22414== Parent PID: 22399
==22414== 
==22414== 
==22414== Process terminating with default action of signal 1 (SIGHUP)
==22414==    at 0x54EC081: read (read.c:27)
==22414==    by 0x5469147: _IO_file_underflow@@GLIBC_2.2.5 (fileops.c:531)
==22414==    by 0x546A3F1: _IO_default_uflow (genops.c:380)
==22414==    by 0x5447BE9: _IO_vfscanf (vfscanf.c:630)
==22414==    by 0x5457FD7: __isoc99_scanf (isoc99_scanf.c:37)
==22414==    by 0x10886B: main (main.c:22)
==22414== 
==22414== HEAP SUMMARY:
==22414==     in use at exit: 0 bytes in 0 blocks
==22414==   total heap usage: 1 allocs, 1 frees, 1,024 bytes allocated
==22414== 
==22414== All heap blocks were freed -- no leaks are possible
==22414== 
==22414== For counts of detected and suppressed errors, rerun with: -v
==22414== ERROR SUMMARY: 0 errors from 0 contexts (suppressed: 0 from 0)
