==14971== Memcheck, a memory error detector
==14971== Copyright (C) 2002-2017, and GNU GPL'd, by Julian Seward et al.
==14971== Using Valgrind-3.13.0 and LibVEX; rerun with -h for copyright info
==14971== Command: /rhome/l/lbuturovic1/workspace/OR/Z1/Z2/.runme
==14971== Parent PID: 14967
==14971== 
==14971== 
==14971== Process terminating with default action of signal 1 (SIGHUP)
==14971==    at 0x514E081: read (read.c:27)
==14971==    by 0x50CB147: _IO_file_underflow@@GLIBC_2.2.5 (fileops.c:531)
==14971==    by 0x50CC3F1: _IO_default_uflow (genops.c:380)
==14971==    by 0x50A9BE9: _IO_vfscanf (vfscanf.c:630)
==14971==    by 0x50B9FD7: __isoc99_scanf (isoc99_scanf.c:37)
==14971==    by 0x108759: main (main.c:6)
==14971== 
==14971== HEAP SUMMARY:
==14971==     in use at exit: 0 bytes in 0 blocks
==14971==   total heap usage: 1 allocs, 1 frees, 1,024 bytes allocated
==14971== 
==14971== All heap blocks were freed -- no leaks are possible
==14971== 
==14971== For counts of detected and suppressed errors, rerun with: -v
==14971== ERROR SUMMARY: 0 errors from 0 contexts (suppressed: 0 from 0)
